{"/Users/minsun/Desktop/항해 99/실전 프로젝트/CLIPs-backend/src/app.js": {"path":"/Users/minsun/Desktop/항해 99/실전 프로젝트/CLIPs-backend/src/app.js","statementMap":{"0":{"start":{"line":1,"column":16},"end":{"line":1,"column":34}},"1":{"start":{"line":2,"column":13},"end":{"line":2,"column":28}},"2":{"start":{"line":3,"column":15},"end":{"line":3,"column":32}},"3":{"start":{"line":4,"column":17},"end":{"line":4,"column":36}},"4":{"start":{"line":5,"column":16},"end":{"line":5,"column":42}},"5":{"start":{"line":7,"column":0},"end":{"line":7,"column":25}},"6":{"start":{"line":9,"column":20},"end":{"line":9,"column":47}},"7":{"start":{"line":10,"column":23},"end":{"line":10,"column":44}},"8":{"start":{"line":14,"column":12},"end":{"line":14,"column":21}},"9":{"start":{"line":15,"column":0},"end":{"line":15,"column":17}},"10":{"start":{"line":39,"column":0},"end":{"line":43,"column":2}},"11":{"start":{"line":46,"column":0},"end":{"line":46,"column":16}},"12":{"start":{"line":47,"column":0},"end":{"line":47,"column":24}},"13":{"start":{"line":48,"column":0},"end":{"line":48,"column":48}},"14":{"start":{"line":59,"column":0},"end":{"line":69,"column":2}},"15":{"start":{"line":72,"column":0},"end":{"line":72,"column":31}},"16":{"start":{"line":73,"column":0},"end":{"line":73,"column":28}},"17":{"start":{"line":76,"column":0},"end":{"line":76,"column":29}},"18":{"start":{"line":77,"column":0},"end":{"line":77,"column":35}},"19":{"start":{"line":82,"column":0},"end":{"line":82,"column":20}}},"fnMap":{},"branchMap":{},"s":{"0":1,"1":1,"2":1,"3":1,"4":1,"5":1,"6":1,"7":1,"8":1,"9":1,"10":1,"11":1,"12":1,"13":1,"14":1,"15":1,"16":1,"17":1,"18":1,"19":1},"f":{},"b":{},"_coverageSchema":"1a1c01bbd47fc00a2c39e90264f33305004495a9","hash":"4749e4dd39714b58881e74ac2ec25cde4ec61dbf"}
,"/Users/minsun/Desktop/항해 99/실전 프로젝트/CLIPs-backend/src/layers/controllers/auth.controller.js": {"path":"/Users/minsun/Desktop/항해 99/실전 프로젝트/CLIPs-backend/src/layers/controllers/auth.controller.js","statementMap":{"0":{"start":{"line":1,"column":12},"end":{"line":1,"column":26}},"1":{"start":{"line":2,"column":17},"end":{"line":2,"column":36}},"2":{"start":{"line":4,"column":19},"end":{"line":4,"column":54}},"3":{"start":{"line":5,"column":20},"end":{"line":5,"column":55}},"4":{"start":{"line":7,"column":0},"end":{"line":235,"column":2}},"5":{"start":{"line":8,"column":16},"end":{"line":8,"column":33}},"6":{"start":{"line":9,"column":15},"end":{"line":9,"column":31}},"7":{"start":{"line":11,"column":15},"end":{"line":28,"column":3}},"8":{"start":{"line":13,"column":4},"end":{"line":27,"column":5}},"9":{"start":{"line":14,"column":21},"end":{"line":16,"column":7}},"10":{"start":{"line":18,"column":6},"end":{"line":20,"column":8}},"11":{"start":{"line":23,"column":6},"end":{"line":23,"column":23}},"12":{"start":{"line":24,"column":6},"end":{"line":26,"column":50}},"13":{"start":{"line":30,"column":14},"end":{"line":46,"column":3}},"14":{"start":{"line":31,"column":19},"end":{"line":31,"column":36}},"15":{"start":{"line":32,"column":4},"end":{"line":45,"column":5}},"16":{"start":{"line":33,"column":23},"end":{"line":33,"column":63}},"17":{"start":{"line":34,"column":6},"end":{"line":34,"column":48}},"18":{"start":{"line":35,"column":6},"end":{"line":39,"column":31}},"19":{"start":{"line":36,"column":8},"end":{"line":38,"column":68}},"20":{"start":{"line":39,"column":13},"end":{"line":39,"column":31}},"21":{"start":{"line":41,"column":6},"end":{"line":41,"column":23}},"22":{"start":{"line":42,"column":6},"end":{"line":44,"column":48}},"23":{"start":{"line":47,"column":17},"end":{"line":77,"column":3}},"24":{"start":{"line":54,"column":19},"end":{"line":54,"column":36}},"25":{"start":{"line":55,"column":71},"end":{"line":55,"column":79}},"26":{"start":{"line":56,"column":4},"end":{"line":76,"column":5}},"27":{"start":{"line":62,"column":21},"end":{"line":70,"column":7}},"28":{"start":{"line":72,"column":6},"end":{"line":72,"column":23}},"29":{"start":{"line":73,"column":6},"end":{"line":75,"column":48}},"30":{"start":{"line":78,"column":11},"end":{"line":120,"column":3}},"31":{"start":{"line":79,"column":71},"end":{"line":79,"column":79}},"32":{"start":{"line":80,"column":4},"end":{"line":119,"column":5}},"33":{"start":{"line":81,"column":6},"end":{"line":99,"column":11}},"34":{"start":{"line":101,"column":6},"end":{"line":105,"column":7}},"35":{"start":{"line":102,"column":8},"end":{"line":104,"column":57}},"36":{"start":{"line":106,"column":21},"end":{"line":113,"column":7}},"37":{"start":{"line":115,"column":6},"end":{"line":115,"column":73}},"38":{"start":{"line":117,"column":6},"end":{"line":117,"column":23}},"39":{"start":{"line":118,"column":6},"end":{"line":118,"column":60}},"40":{"start":{"line":122,"column":11},"end":{"line":176,"column":3}},"41":{"start":{"line":157,"column":32},"end":{"line":157,"column":40}},"42":{"start":{"line":158,"column":4},"end":{"line":175,"column":5}},"43":{"start":{"line":159,"column":6},"end":{"line":164,"column":44}},"44":{"start":{"line":166,"column":21},"end":{"line":166,"column":67}},"45":{"start":{"line":167,"column":6},"end":{"line":171,"column":9}},"46":{"start":{"line":173,"column":6},"end":{"line":173,"column":23}},"47":{"start":{"line":174,"column":6},"end":{"line":174,"column":60}},"48":{"start":{"line":178,"column":15},"end":{"line":193,"column":3}},"49":{"start":{"line":179,"column":22},"end":{"line":179,"column":30}},"50":{"start":{"line":180,"column":4},"end":{"line":192,"column":5}},"51":{"start":{"line":181,"column":6},"end":{"line":185,"column":34}},"52":{"start":{"line":187,"column":21},"end":{"line":187,"column":61}},"53":{"start":{"line":188,"column":6},"end":{"line":188,"column":73}},"54":{"start":{"line":190,"column":6},"end":{"line":190,"column":23}},"55":{"start":{"line":191,"column":6},"end":{"line":191,"column":60}},"56":{"start":{"line":194,"column":18},"end":{"line":209,"column":3}},"57":{"start":{"line":195,"column":25},"end":{"line":195,"column":33}},"58":{"start":{"line":196,"column":4},"end":{"line":208,"column":5}},"59":{"start":{"line":197,"column":6},"end":{"line":201,"column":37}},"60":{"start":{"line":203,"column":21},"end":{"line":203,"column":67}},"61":{"start":{"line":204,"column":6},"end":{"line":204,"column":73}},"62":{"start":{"line":206,"column":6},"end":{"line":206,"column":23}},"63":{"start":{"line":207,"column":6},"end":{"line":207,"column":60}},"64":{"start":{"line":210,"column":12},"end":{"line":219,"column":3}},"65":{"start":{"line":211,"column":30},"end":{"line":211,"column":40}},"66":{"start":{"line":212,"column":4},"end":{"line":218,"column":5}},"67":{"start":{"line":213,"column":21},"end":{"line":213,"column":66}},"68":{"start":{"line":214,"column":6},"end":{"line":214,"column":73}},"69":{"start":{"line":216,"column":6},"end":{"line":216,"column":22}},"70":{"start":{"line":217,"column":6},"end":{"line":217,"column":60}},"71":{"start":{"line":221,"column":12},"end":{"line":234,"column":3}},"72":{"start":{"line":222,"column":30},"end":{"line":222,"column":40}},"73":{"start":{"line":223,"column":4},"end":{"line":233,"column":5}},"74":{"start":{"line":224,"column":23},"end":{"line":224,"column":68}},"75":{"start":{"line":226,"column":6},"end":{"line":229,"column":9}},"76":{"start":{"line":231,"column":6},"end":{"line":231,"column":22}},"77":{"start":{"line":232,"column":6},"end":{"line":232,"column":60}}},"fnMap":{"0":{"name":"(anonymous_0)","decl":{"start":{"line":11,"column":15},"end":{"line":11,"column":16}},"loc":{"start":{"line":11,"column":41},"end":{"line":28,"column":3}},"line":11},"1":{"name":"(anonymous_1)","decl":{"start":{"line":30,"column":14},"end":{"line":30,"column":15}},"loc":{"start":{"line":30,"column":40},"end":{"line":46,"column":3}},"line":30},"2":{"name":"(anonymous_2)","decl":{"start":{"line":47,"column":17},"end":{"line":47,"column":18}},"loc":{"start":{"line":47,"column":43},"end":{"line":77,"column":3}},"line":47},"3":{"name":"(anonymous_3)","decl":{"start":{"line":78,"column":11},"end":{"line":78,"column":12}},"loc":{"start":{"line":78,"column":37},"end":{"line":120,"column":3}},"line":78},"4":{"name":"(anonymous_4)","decl":{"start":{"line":122,"column":11},"end":{"line":122,"column":12}},"loc":{"start":{"line":122,"column":37},"end":{"line":176,"column":3}},"line":122},"5":{"name":"(anonymous_5)","decl":{"start":{"line":178,"column":15},"end":{"line":178,"column":16}},"loc":{"start":{"line":178,"column":41},"end":{"line":193,"column":3}},"line":178},"6":{"name":"(anonymous_6)","decl":{"start":{"line":194,"column":18},"end":{"line":194,"column":19}},"loc":{"start":{"line":194,"column":44},"end":{"line":209,"column":3}},"line":194},"7":{"name":"(anonymous_7)","decl":{"start":{"line":210,"column":12},"end":{"line":210,"column":13}},"loc":{"start":{"line":210,"column":38},"end":{"line":219,"column":3}},"line":210},"8":{"name":"(anonymous_8)","decl":{"start":{"line":221,"column":12},"end":{"line":221,"column":13}},"loc":{"start":{"line":221,"column":38},"end":{"line":234,"column":3}},"line":221}},"branchMap":{"0":{"loc":{"start":{"line":35,"column":6},"end":{"line":39,"column":31}},"type":"if","locations":[{"start":{"line":35,"column":6},"end":{"line":39,"column":31}},{"start":{"line":39,"column":13},"end":{"line":39,"column":31}}],"line":35},"1":{"loc":{"start":{"line":101,"column":6},"end":{"line":105,"column":7}},"type":"if","locations":[{"start":{"line":101,"column":6},"end":{"line":105,"column":7}},{"start":{},"end":{}}],"line":101}},"s":{"0":1,"1":1,"2":1,"3":1,"4":1,"5":1,"6":1,"7":1,"8":0,"9":0,"10":0,"11":0,"12":0,"13":1,"14":0,"15":0,"16":0,"17":0,"18":0,"19":0,"20":0,"21":0,"22":0,"23":1,"24":0,"25":0,"26":0,"27":0,"28":0,"29":0,"30":1,"31":0,"32":0,"33":0,"34":0,"35":0,"36":0,"37":0,"38":0,"39":0,"40":1,"41":0,"42":0,"43":0,"44":0,"45":0,"46":0,"47":0,"48":1,"49":0,"50":0,"51":0,"52":0,"53":0,"54":0,"55":0,"56":1,"57":0,"58":0,"59":0,"60":0,"61":0,"62":0,"63":0,"64":1,"65":0,"66":0,"67":0,"68":0,"69":0,"70":0,"71":1,"72":0,"73":0,"74":0,"75":0,"76":0,"77":0},"f":{"0":0,"1":0,"2":0,"3":0,"4":0,"5":0,"6":0,"7":0,"8":0},"b":{"0":[0,0],"1":[0,0]},"_coverageSchema":"1a1c01bbd47fc00a2c39e90264f33305004495a9","hash":"9f4ff21d362d1a10c2568213f98cc42d2abc3376"}
,"/Users/minsun/Desktop/항해 99/실전 프로젝트/CLIPs-backend/src/layers/controllers/main.controller.js": {"path":"/Users/minsun/Desktop/항해 99/실전 프로젝트/CLIPs-backend/src/layers/controllers/main.controller.js","statementMap":{"0":{"start":{"line":1,"column":20},"end":{"line":1,"column":55}},"1":{"start":{"line":2,"column":32},"end":{"line":2,"column":79}},"2":{"start":{"line":4,"column":0},"end":{"line":33,"column":2}},"3":{"start":{"line":5,"column":16},"end":{"line":5,"column":33}},"4":{"start":{"line":8,"column":13},"end":{"line":20,"column":3}},"5":{"start":{"line":9,"column":4},"end":{"line":19,"column":5}},"6":{"start":{"line":10,"column":27},"end":{"line":10,"column":35}},"7":{"start":{"line":11,"column":27},"end":{"line":11,"column":35}},"8":{"start":{"line":12,"column":26},"end":{"line":12,"column":76}},"9":{"start":{"line":14,"column":6},"end":{"line":14,"column":45}},"10":{"start":{"line":17,"column":6},"end":{"line":17,"column":23}},"11":{"start":{"line":18,"column":6},"end":{"line":18,"column":48}},"12":{"start":{"line":22,"column":17},"end":{"line":32,"column":3}},"13":{"start":{"line":23,"column":4},"end":{"line":31,"column":5}},"14":{"start":{"line":24,"column":25},"end":{"line":24,"column":33}},"15":{"start":{"line":25,"column":31},"end":{"line":25,"column":73}},"16":{"start":{"line":26,"column":6},"end":{"line":26,"column":48}},"17":{"start":{"line":29,"column":6},"end":{"line":29,"column":23}},"18":{"start":{"line":30,"column":6},"end":{"line":30,"column":41}}},"fnMap":{"0":{"name":"(anonymous_0)","decl":{"start":{"line":8,"column":13},"end":{"line":8,"column":14}},"loc":{"start":{"line":8,"column":39},"end":{"line":20,"column":3}},"line":8},"1":{"name":"(anonymous_1)","decl":{"start":{"line":22,"column":17},"end":{"line":22,"column":18}},"loc":{"start":{"line":22,"column":40},"end":{"line":32,"column":3}},"line":22}},"branchMap":{},"s":{"0":1,"1":1,"2":1,"3":1,"4":1,"5":0,"6":0,"7":0,"8":0,"9":0,"10":0,"11":0,"12":1,"13":0,"14":0,"15":0,"16":0,"17":0,"18":0},"f":{"0":0,"1":0},"b":{},"_coverageSchema":"1a1c01bbd47fc00a2c39e90264f33305004495a9","hash":"bdb1750c048a49628e5f64c6ffba65903ca67f05"}
,"/Users/minsun/Desktop/항해 99/실전 프로젝트/CLIPs-backend/src/layers/controllers/promise.controller.js": {"path":"/Users/minsun/Desktop/항해 99/실전 프로젝트/CLIPs-backend/src/layers/controllers/promise.controller.js","statementMap":{"0":{"start":{"line":1,"column":23},"end":{"line":1,"column":61}},"1":{"start":{"line":2,"column":12},"end":{"line":2,"column":26}},"2":{"start":{"line":3,"column":16},"end":{"line":3,"column":57}},"3":{"start":{"line":4,"column":19},"end":{"line":4,"column":54}},"4":{"start":{"line":7,"column":19},"end":{"line":7,"column":39}},"5":{"start":{"line":8,"column":15},"end":{"line":8,"column":31}},"6":{"start":{"line":10,"column":18},"end":{"line":53,"column":3}},"7":{"start":{"line":11,"column":65},"end":{"line":11,"column":73}},"8":{"start":{"line":12,"column":19},"end":{"line":12,"column":36}},"9":{"start":{"line":14,"column":4},"end":{"line":52,"column":5}},"10":{"start":{"line":15,"column":6},"end":{"line":35,"column":11}},"11":{"start":{"line":37,"column":21},"end":{"line":46,"column":7}},"12":{"start":{"line":48,"column":6},"end":{"line":48,"column":46}},"13":{"start":{"line":50,"column":6},"end":{"line":50,"column":22}},"14":{"start":{"line":51,"column":6},"end":{"line":51,"column":47}},"15":{"start":{"line":55,"column":15},"end":{"line":72,"column":3}},"16":{"start":{"line":56,"column":27},"end":{"line":56,"column":35}},"17":{"start":{"line":57,"column":19},"end":{"line":57,"column":36}},"18":{"start":{"line":59,"column":4},"end":{"line":71,"column":5}},"19":{"start":{"line":60,"column":6},"end":{"line":64,"column":39}},"20":{"start":{"line":66,"column":21},"end":{"line":66,"column":77}},"21":{"start":{"line":67,"column":6},"end":{"line":67,"column":42}},"22":{"start":{"line":69,"column":6},"end":{"line":69,"column":22}},"23":{"start":{"line":70,"column":6},"end":{"line":70,"column":47}},"24":{"start":{"line":74,"column":18},"end":{"line":83,"column":3}},"25":{"start":{"line":75,"column":19},"end":{"line":75,"column":36}},"26":{"start":{"line":76,"column":4},"end":{"line":82,"column":5}},"27":{"start":{"line":77,"column":21},"end":{"line":77,"column":68}},"28":{"start":{"line":79,"column":6},"end":{"line":79,"column":42}},"29":{"start":{"line":81,"column":6},"end":{"line":81,"column":47}},"30":{"start":{"line":85,"column":21},"end":{"line":105,"column":3}},"31":{"start":{"line":86,"column":26},"end":{"line":86,"column":36}},"32":{"start":{"line":87,"column":19},"end":{"line":87,"column":36}},"33":{"start":{"line":89,"column":4},"end":{"line":97,"column":5}},"34":{"start":{"line":90,"column":6},"end":{"line":94,"column":38}},"35":{"start":{"line":96,"column":6},"end":{"line":96,"column":47}},"36":{"start":{"line":99,"column":4},"end":{"line":104,"column":5}},"37":{"start":{"line":100,"column":21},"end":{"line":100,"column":82}},"38":{"start":{"line":101,"column":6},"end":{"line":101,"column":42}},"39":{"start":{"line":103,"column":6},"end":{"line":103,"column":47}},"40":{"start":{"line":107,"column":18},"end":{"line":142,"column":3}},"41":{"start":{"line":108,"column":65},"end":{"line":108,"column":73}},"42":{"start":{"line":109,"column":26},"end":{"line":109,"column":36}},"43":{"start":{"line":110,"column":19},"end":{"line":110,"column":36}},"44":{"start":{"line":112,"column":4},"end":{"line":141,"column":5}},"45":{"start":{"line":113,"column":6},"end":{"line":124,"column":85}},"46":{"start":{"line":126,"column":21},"end":{"line":136,"column":7}},"47":{"start":{"line":138,"column":6},"end":{"line":138,"column":49}},"48":{"start":{"line":140,"column":6},"end":{"line":140,"column":47}},"49":{"start":{"line":144,"column":18},"end":{"line":164,"column":3}},"50":{"start":{"line":145,"column":19},"end":{"line":145,"column":36}},"51":{"start":{"line":146,"column":26},"end":{"line":146,"column":36}},"52":{"start":{"line":148,"column":4},"end":{"line":157,"column":5}},"53":{"start":{"line":149,"column":6},"end":{"line":154,"column":46}},"54":{"start":{"line":156,"column":6},"end":{"line":156,"column":29}},"55":{"start":{"line":158,"column":4},"end":{"line":163,"column":5}},"56":{"start":{"line":159,"column":21},"end":{"line":159,"column":79}},"57":{"start":{"line":160,"column":6},"end":{"line":160,"column":49}},"58":{"start":{"line":162,"column":6},"end":{"line":162,"column":47}},"59":{"start":{"line":167,"column":0},"end":{"line":167,"column":35}}},"fnMap":{"0":{"name":"(anonymous_0)","decl":{"start":{"line":10,"column":18},"end":{"line":10,"column":19}},"loc":{"start":{"line":10,"column":38},"end":{"line":53,"column":3}},"line":10},"1":{"name":"(anonymous_1)","decl":{"start":{"line":55,"column":15},"end":{"line":55,"column":16}},"loc":{"start":{"line":55,"column":35},"end":{"line":72,"column":3}},"line":55},"2":{"name":"(anonymous_2)","decl":{"start":{"line":74,"column":18},"end":{"line":74,"column":19}},"loc":{"start":{"line":74,"column":38},"end":{"line":83,"column":3}},"line":74},"3":{"name":"(anonymous_3)","decl":{"start":{"line":85,"column":21},"end":{"line":85,"column":22}},"loc":{"start":{"line":85,"column":41},"end":{"line":105,"column":3}},"line":85},"4":{"name":"(anonymous_4)","decl":{"start":{"line":107,"column":18},"end":{"line":107,"column":19}},"loc":{"start":{"line":107,"column":38},"end":{"line":142,"column":3}},"line":107},"5":{"name":"(anonymous_5)","decl":{"start":{"line":144,"column":18},"end":{"line":144,"column":19}},"loc":{"start":{"line":144,"column":38},"end":{"line":164,"column":3}},"line":144}},"branchMap":{},"s":{"0":1,"1":1,"2":1,"3":1,"4":1,"5":1,"6":1,"7":0,"8":0,"9":0,"10":0,"11":0,"12":0,"13":0,"14":0,"15":1,"16":0,"17":0,"18":0,"19":0,"20":0,"21":0,"22":0,"23":0,"24":1,"25":0,"26":0,"27":0,"28":0,"29":0,"30":1,"31":0,"32":0,"33":0,"34":0,"35":0,"36":0,"37":0,"38":0,"39":0,"40":1,"41":0,"42":0,"43":0,"44":0,"45":0,"46":0,"47":0,"48":0,"49":1,"50":0,"51":0,"52":0,"53":0,"54":0,"55":0,"56":0,"57":0,"58":0,"59":1},"f":{"0":0,"1":0,"2":0,"3":0,"4":0,"5":0},"b":{},"_coverageSchema":"1a1c01bbd47fc00a2c39e90264f33305004495a9","hash":"40a3e3cfa2e6f302f1301b9dd2e0c13707e37ae5"}
,"/Users/minsun/Desktop/항해 99/실전 프로젝트/CLIPs-backend/src/layers/controllers/review.controller.js": {"path":"/Users/minsun/Desktop/항해 99/실전 프로젝트/CLIPs-backend/src/layers/controllers/review.controller.js","statementMap":{"0":{"start":{"line":1,"column":12},"end":{"line":1,"column":26}},"1":{"start":{"line":2,"column":19},"end":{"line":2,"column":54}},"2":{"start":{"line":3,"column":16},"end":{"line":3,"column":51}},"3":{"start":{"line":4,"column":22},"end":{"line":4,"column":59}},"4":{"start":{"line":6,"column":0},"end":{"line":91,"column":2}},"5":{"start":{"line":7,"column":18},"end":{"line":7,"column":37}},"6":{"start":{"line":8,"column":15},"end":{"line":8,"column":31}},"7":{"start":{"line":11,"column":17},"end":{"line":36,"column":3}},"8":{"start":{"line":12,"column":26},"end":{"line":12,"column":36}},"9":{"start":{"line":13,"column":24},"end":{"line":13,"column":32}},"10":{"start":{"line":14,"column":27},"end":{"line":14,"column":36}},"11":{"start":{"line":15,"column":18},"end":{"line":15,"column":59}},"12":{"start":{"line":15,"column":46},"end":{"line":15,"column":58}},"13":{"start":{"line":16,"column":21},"end":{"line":16,"column":31}},"14":{"start":{"line":18,"column":4},"end":{"line":35,"column":5}},"15":{"start":{"line":19,"column":6},"end":{"line":23,"column":36}},"16":{"start":{"line":25,"column":24},"end":{"line":30,"column":7}},"17":{"start":{"line":31,"column":6},"end":{"line":31,"column":50}},"18":{"start":{"line":33,"column":6},"end":{"line":33,"column":23}},"19":{"start":{"line":34,"column":6},"end":{"line":34,"column":46}},"20":{"start":{"line":39,"column":14},"end":{"line":48,"column":3}},"21":{"start":{"line":40,"column":19},"end":{"line":40,"column":36}},"22":{"start":{"line":41,"column":4},"end":{"line":47,"column":5}},"23":{"start":{"line":42,"column":24},"end":{"line":42,"column":66}},"24":{"start":{"line":43,"column":6},"end":{"line":43,"column":33}},"25":{"start":{"line":45,"column":6},"end":{"line":45,"column":23}},"26":{"start":{"line":46,"column":6},"end":{"line":46,"column":38}},"27":{"start":{"line":51,"column":17},"end":{"line":71,"column":3}},"28":{"start":{"line":53,"column":38},"end":{"line":53,"column":48}},"29":{"start":{"line":54,"column":26},"end":{"line":54,"column":34}},"30":{"start":{"line":55,"column":29},"end":{"line":55,"column":38}},"31":{"start":{"line":56,"column":21},"end":{"line":56,"column":38}},"32":{"start":{"line":57,"column":20},"end":{"line":57,"column":61}},"33":{"start":{"line":57,"column":48},"end":{"line":57,"column":60}},"34":{"start":{"line":58,"column":6},"end":{"line":70,"column":5}},"35":{"start":{"line":59,"column":6},"end":{"line":66,"column":7}},"36":{"start":{"line":60,"column":8},"end":{"line":60,"column":80}},"37":{"start":{"line":61,"column":8},"end":{"line":63,"column":11}},"38":{"start":{"line":65,"column":8},"end":{"line":65,"column":43}},"39":{"start":{"line":68,"column":6},"end":{"line":68,"column":23}},"40":{"start":{"line":69,"column":6},"end":{"line":69,"column":38}},"41":{"start":{"line":74,"column":17},"end":{"line":90,"column":3}},"42":{"start":{"line":75,"column":4},"end":{"line":89,"column":5}},"43":{"start":{"line":76,"column":27},"end":{"line":76,"column":37}},"44":{"start":{"line":77,"column":21},"end":{"line":77,"column":38}},"45":{"start":{"line":79,"column":6},"end":{"line":81,"column":10}},"46":{"start":{"line":82,"column":8},"end":{"line":84,"column":11}},"47":{"start":{"line":87,"column":6},"end":{"line":87,"column":23}},"48":{"start":{"line":88,"column":6},"end":{"line":88,"column":38}}},"fnMap":{"0":{"name":"(anonymous_0)","decl":{"start":{"line":11,"column":17},"end":{"line":11,"column":18}},"loc":{"start":{"line":11,"column":43},"end":{"line":36,"column":3}},"line":11},"1":{"name":"(anonymous_1)","decl":{"start":{"line":15,"column":37},"end":{"line":15,"column":38}},"loc":{"start":{"line":15,"column":46},"end":{"line":15,"column":58}},"line":15},"2":{"name":"(anonymous_2)","decl":{"start":{"line":39,"column":14},"end":{"line":39,"column":15}},"loc":{"start":{"line":39,"column":40},"end":{"line":48,"column":3}},"line":39},"3":{"name":"(anonymous_3)","decl":{"start":{"line":51,"column":17},"end":{"line":51,"column":18}},"loc":{"start":{"line":51,"column":43},"end":{"line":71,"column":3}},"line":51},"4":{"name":"(anonymous_4)","decl":{"start":{"line":57,"column":39},"end":{"line":57,"column":40}},"loc":{"start":{"line":57,"column":48},"end":{"line":57,"column":60}},"line":57},"5":{"name":"(anonymous_5)","decl":{"start":{"line":74,"column":17},"end":{"line":74,"column":18}},"loc":{"start":{"line":74,"column":43},"end":{"line":90,"column":3}},"line":74}},"branchMap":{"0":{"loc":{"start":{"line":59,"column":6},"end":{"line":66,"column":7}},"type":"if","locations":[{"start":{"line":59,"column":6},"end":{"line":66,"column":7}},{"start":{"line":64,"column":13},"end":{"line":66,"column":7}}],"line":59},"1":{"loc":{"start":{"line":59,"column":10},"end":{"line":59,"column":34}},"type":"binary-expr","locations":[{"start":{"line":59,"column":10},"end":{"line":59,"column":24}},{"start":{"line":59,"column":28},"end":{"line":59,"column":34}}],"line":59}},"s":{"0":1,"1":1,"2":1,"3":1,"4":1,"5":1,"6":1,"7":1,"8":0,"9":0,"10":0,"11":0,"12":0,"13":0,"14":0,"15":0,"16":0,"17":0,"18":0,"19":0,"20":1,"21":0,"22":0,"23":0,"24":0,"25":0,"26":0,"27":1,"28":0,"29":0,"30":0,"31":0,"32":0,"33":0,"34":0,"35":0,"36":0,"37":0,"38":0,"39":0,"40":0,"41":1,"42":0,"43":0,"44":0,"45":0,"46":0,"47":0,"48":0},"f":{"0":0,"1":0,"2":0,"3":0,"4":0,"5":0},"b":{"0":[0,0],"1":[0,0]},"_coverageSchema":"1a1c01bbd47fc00a2c39e90264f33305004495a9","hash":"5b4664d2b3e4e11274aeed48e4c1726534456fc3"}
,"/Users/minsun/Desktop/항해 99/실전 프로젝트/CLIPs-backend/src/layers/middlewares/auth.middleware.js": {"path":"/Users/minsun/Desktop/항해 99/실전 프로젝트/CLIPs-backend/src/layers/middlewares/auth.middleware.js","statementMap":{"0":{"start":{"line":1,"column":12},"end":{"line":1,"column":35}},"1":{"start":{"line":2,"column":0},"end":{"line":2,"column":27}},"2":{"start":{"line":3,"column":12},"end":{"line":3,"column":23}},"3":{"start":{"line":5,"column":0},"end":{"line":23,"column":2}},"4":{"start":{"line":7,"column":28},"end":{"line":7,"column":39}},"5":{"start":{"line":8,"column":24},"end":{"line":8,"column":56}},"6":{"start":{"line":10,"column":2},"end":{"line":21,"column":3}},"7":{"start":{"line":11,"column":4},"end":{"line":15,"column":5}},"8":{"start":{"line":12,"column":6},"end":{"line":14,"column":9}},"9":{"start":{"line":16,"column":23},"end":{"line":16,"column":59}},"10":{"start":{"line":17,"column":4},"end":{"line":17,"column":42}},"11":{"start":{"line":20,"column":4},"end":{"line":20,"column":63}},"12":{"start":{"line":22,"column":2},"end":{"line":22,"column":9}}},"fnMap":{"0":{"name":"(anonymous_0)","decl":{"start":{"line":5,"column":17},"end":{"line":5,"column":18}},"loc":{"start":{"line":5,"column":43},"end":{"line":23,"column":1}},"line":5}},"branchMap":{"0":{"loc":{"start":{"line":8,"column":25},"end":{"line":8,"column":44}},"type":"binary-expr","locations":[{"start":{"line":8,"column":25},"end":{"line":8,"column":38}},{"start":{"line":8,"column":42},"end":{"line":8,"column":44}}],"line":8},"1":{"loc":{"start":{"line":11,"column":4},"end":{"line":15,"column":5}},"type":"if","locations":[{"start":{"line":11,"column":4},"end":{"line":15,"column":5}},{"start":{},"end":{}}],"line":11},"2":{"loc":{"start":{"line":11,"column":8},"end":{"line":11,"column":35}},"type":"binary-expr","locations":[{"start":{"line":11,"column":8},"end":{"line":11,"column":14}},{"start":{"line":11,"column":18},"end":{"line":11,"column":35}}],"line":11}},"s":{"0":1,"1":1,"2":1,"3":1,"4":2,"5":2,"6":2,"7":2,"8":1,"9":1,"10":0,"11":1,"12":0},"f":{"0":2},"b":{"0":[2,1],"1":[1,1],"2":[2,1]},"_coverageSchema":"1a1c01bbd47fc00a2c39e90264f33305004495a9","hash":"27f6b78f45b26438aa479c2ba9e282709d34cf76"}
,"/Users/minsun/Desktop/항해 99/실전 프로젝트/CLIPs-backend/src/layers/middlewares/deleteImage.middleware.js": {"path":"/Users/minsun/Desktop/항해 99/실전 프로젝트/CLIPs-backend/src/layers/middlewares/deleteImage.middleware.js","statementMap":{"0":{"start":{"line":1,"column":15},"end":{"line":1,"column":32}},"1":{"start":{"line":2,"column":13},"end":{"line":2,"column":28}},"2":{"start":{"line":3,"column":11},"end":{"line":3,"column":24}},"3":{"start":{"line":4,"column":12},"end":{"line":4,"column":30}},"4":{"start":{"line":5,"column":17},"end":{"line":5,"column":37}},"5":{"start":{"line":6,"column":32},"end":{"line":6,"column":65}},"6":{"start":{"line":9,"column":11},"end":{"line":13,"column":2}},"7":{"start":{"line":16,"column":20},"end":{"line":52,"column":1}},"8":{"start":{"line":17,"column":23},"end":{"line":17,"column":33}},"9":{"start":{"line":18,"column":17},"end":{"line":18,"column":34}},"10":{"start":{"line":20,"column":21},"end":{"line":24,"column":4}},"11":{"start":{"line":26,"column":2},"end":{"line":28,"column":3}},"12":{"start":{"line":27,"column":4},"end":{"line":27,"column":56}},"13":{"start":{"line":29,"column":2},"end":{"line":50,"column":3}},"14":{"start":{"line":30,"column":22},"end":{"line":34,"column":6}},"15":{"start":{"line":35,"column":19},"end":{"line":38,"column":5}},"16":{"start":{"line":40,"column":4},"end":{"line":47,"column":7}},"17":{"start":{"line":41,"column":6},"end":{"line":46,"column":7}},"18":{"start":{"line":42,"column":8},"end":{"line":42,"column":36}},"19":{"start":{"line":44,"column":8},"end":{"line":44,"column":43}},"20":{"start":{"line":45,"column":8},"end":{"line":45,"column":21}},"21":{"start":{"line":49,"column":4},"end":{"line":49,"column":21}},"22":{"start":{"line":51,"column":2},"end":{"line":51,"column":9}},"23":{"start":{"line":53,"column":0},"end":{"line":53,"column":33}}},"fnMap":{"0":{"name":"(anonymous_0)","decl":{"start":{"line":16,"column":20},"end":{"line":16,"column":21}},"loc":{"start":{"line":16,"column":46},"end":{"line":52,"column":1}},"line":16},"1":{"name":"(anonymous_1)","decl":{"start":{"line":40,"column":28},"end":{"line":40,"column":29}},"loc":{"start":{"line":40,"column":49},"end":{"line":47,"column":5}},"line":40}},"branchMap":{"0":{"loc":{"start":{"line":26,"column":2},"end":{"line":28,"column":3}},"type":"if","locations":[{"start":{"line":26,"column":2},"end":{"line":28,"column":3}},{"start":{},"end":{}}],"line":26},"1":{"loc":{"start":{"line":41,"column":6},"end":{"line":46,"column":7}},"type":"if","locations":[{"start":{"line":41,"column":6},"end":{"line":46,"column":7}},{"start":{"line":43,"column":13},"end":{"line":46,"column":7}}],"line":41}},"s":{"0":1,"1":1,"2":1,"3":1,"4":1,"5":1,"6":1,"7":1,"8":0,"9":0,"10":0,"11":0,"12":0,"13":0,"14":0,"15":0,"16":0,"17":0,"18":0,"19":0,"20":0,"21":0,"22":0,"23":1},"f":{"0":0,"1":0},"b":{"0":[0,0],"1":[0,0]},"_coverageSchema":"1a1c01bbd47fc00a2c39e90264f33305004495a9","hash":"ab1a5c7c419efcb88daf92c25aa7d9400489c9fc"}
,"/Users/minsun/Desktop/항해 99/실전 프로젝트/CLIPs-backend/src/layers/middlewares/image.middleware.js": {"path":"/Users/minsun/Desktop/항해 99/실전 프로젝트/CLIPs-backend/src/layers/middlewares/image.middleware.js","statementMap":{"0":{"start":{"line":1,"column":15},"end":{"line":1,"column":32}},"1":{"start":{"line":2,"column":13},"end":{"line":2,"column":28}},"2":{"start":{"line":3,"column":11},"end":{"line":3,"column":24}},"3":{"start":{"line":4,"column":12},"end":{"line":4,"column":30}},"4":{"start":{"line":5,"column":17},"end":{"line":5,"column":37}},"5":{"start":{"line":6,"column":17},"end":{"line":6,"column":31}},"6":{"start":{"line":7,"column":18},"end":{"line":7,"column":36}},"7":{"start":{"line":8,"column":11},"end":{"line":12,"column":2}},"8":{"start":{"line":14,"column":22},"end":{"line":33,"column":20}},"9":{"start":{"line":20,"column":8},"end":{"line":29,"column":9}},"10":{"start":{"line":26,"column":10},"end":{"line":26,"column":57}},"11":{"start":{"line":28,"column":10},"end":{"line":28,"column":85}},"12":{"start":{"line":35,"column":0},"end":{"line":35,"column":35}}},"fnMap":{"0":{"name":"(anonymous_0)","decl":{"start":{"line":19,"column":9},"end":{"line":19,"column":10}},"loc":{"start":{"line":19,"column":34},"end":{"line":30,"column":5}},"line":19}},"branchMap":{"0":{"loc":{"start":{"line":20,"column":8},"end":{"line":29,"column":9}},"type":"if","locations":[{"start":{"line":20,"column":8},"end":{"line":29,"column":9}},{"start":{"line":27,"column":15},"end":{"line":29,"column":9}}],"line":20},"1":{"loc":{"start":{"line":21,"column":10},"end":{"line":24,"column":40}},"type":"binary-expr","locations":[{"start":{"line":21,"column":10},"end":{"line":21,"column":39}},{"start":{"line":22,"column":10},"end":{"line":22,"column":40}},{"start":{"line":23,"column":10},"end":{"line":23,"column":39}},{"start":{"line":24,"column":10},"end":{"line":24,"column":40}}],"line":21}},"s":{"0":1,"1":1,"2":1,"3":1,"4":1,"5":1,"6":1,"7":1,"8":1,"9":0,"10":0,"11":0,"12":1},"f":{"0":0},"b":{"0":[0,0],"1":[0,0,0,0]},"_coverageSchema":"1a1c01bbd47fc00a2c39e90264f33305004495a9","hash":"7c9f38ac1f552f7f2f4c76ba6c50902334d1037b"}
,"/Users/minsun/Desktop/항해 99/실전 프로젝트/CLIPs-backend/src/layers/middlewares/isNotSignedIn.middleware.js": {"path":"/Users/minsun/Desktop/항해 99/실전 프로젝트/CLIPs-backend/src/layers/middlewares/isNotSignedIn.middleware.js","statementMap":{"0":{"start":{"line":1,"column":0},"end":{"line":16,"column":2}},"1":{"start":{"line":2,"column":28},"end":{"line":2,"column":39}},"2":{"start":{"line":3,"column":24},"end":{"line":3,"column":56}},"3":{"start":{"line":5,"column":2},"end":{"line":15,"column":3}},"4":{"start":{"line":6,"column":4},"end":{"line":12,"column":5}},"5":{"start":{"line":7,"column":6},"end":{"line":9,"column":9}},"6":{"start":{"line":11,"column":6},"end":{"line":11,"column":13}},"7":{"start":{"line":14,"column":4},"end":{"line":14,"column":61}}},"fnMap":{"0":{"name":"(anonymous_0)","decl":{"start":{"line":1,"column":17},"end":{"line":1,"column":18}},"loc":{"start":{"line":1,"column":43},"end":{"line":16,"column":1}},"line":1}},"branchMap":{"0":{"loc":{"start":{"line":3,"column":25},"end":{"line":3,"column":44}},"type":"binary-expr","locations":[{"start":{"line":3,"column":25},"end":{"line":3,"column":38}},{"start":{"line":3,"column":42},"end":{"line":3,"column":44}}],"line":3},"1":{"loc":{"start":{"line":6,"column":4},"end":{"line":12,"column":5}},"type":"if","locations":[{"start":{"line":6,"column":4},"end":{"line":12,"column":5}},{"start":{"line":10,"column":11},"end":{"line":12,"column":5}}],"line":6},"2":{"loc":{"start":{"line":6,"column":8},"end":{"line":6,"column":33}},"type":"binary-expr","locations":[{"start":{"line":6,"column":8},"end":{"line":6,"column":13}},{"start":{"line":6,"column":17},"end":{"line":6,"column":33}}],"line":6}},"s":{"0":1,"1":0,"2":0,"3":0,"4":0,"5":0,"6":0,"7":0},"f":{"0":0},"b":{"0":[0,0],"1":[0,0],"2":[0,0]},"_coverageSchema":"1a1c01bbd47fc00a2c39e90264f33305004495a9","hash":"77a17718502f47294acb4af7318b4723b3f81513"}
,"/Users/minsun/Desktop/항해 99/실전 프로젝트/CLIPs-backend/src/layers/middlewares/isSignedIn.middleware.js": {"path":"/Users/minsun/Desktop/항해 99/실전 프로젝트/CLIPs-backend/src/layers/middlewares/isSignedIn.middleware.js","statementMap":{"0":{"start":{"line":1,"column":0},"end":{"line":16,"column":2}},"1":{"start":{"line":2,"column":28},"end":{"line":2,"column":39}},"2":{"start":{"line":3,"column":24},"end":{"line":3,"column":56}},"3":{"start":{"line":5,"column":2},"end":{"line":15,"column":3}},"4":{"start":{"line":6,"column":4},"end":{"line":12,"column":5}},"5":{"start":{"line":7,"column":6},"end":{"line":9,"column":9}},"6":{"start":{"line":11,"column":6},"end":{"line":11,"column":13}},"7":{"start":{"line":14,"column":4},"end":{"line":14,"column":61}}},"fnMap":{"0":{"name":"(anonymous_0)","decl":{"start":{"line":1,"column":17},"end":{"line":1,"column":18}},"loc":{"start":{"line":1,"column":43},"end":{"line":16,"column":1}},"line":1}},"branchMap":{"0":{"loc":{"start":{"line":3,"column":25},"end":{"line":3,"column":44}},"type":"binary-expr","locations":[{"start":{"line":3,"column":25},"end":{"line":3,"column":38}},{"start":{"line":3,"column":42},"end":{"line":3,"column":44}}],"line":3},"1":{"loc":{"start":{"line":6,"column":4},"end":{"line":12,"column":5}},"type":"if","locations":[{"start":{"line":6,"column":4},"end":{"line":12,"column":5}},{"start":{"line":10,"column":11},"end":{"line":12,"column":5}}],"line":6},"2":{"loc":{"start":{"line":6,"column":8},"end":{"line":6,"column":35}},"type":"binary-expr","locations":[{"start":{"line":6,"column":8},"end":{"line":6,"column":14}},{"start":{"line":6,"column":18},"end":{"line":6,"column":35}}],"line":6}},"s":{"0":1,"1":0,"2":0,"3":0,"4":0,"5":0,"6":0,"7":0},"f":{"0":0},"b":{"0":[0,0],"1":[0,0],"2":[0,0]},"_coverageSchema":"1a1c01bbd47fc00a2c39e90264f33305004495a9","hash":"34c20c068a180856464c4344ee27e83321f425bb"}
,"/Users/minsun/Desktop/항해 99/실전 프로젝트/CLIPs-backend/src/layers/middlewares/refresh.middleware.js": {"path":"/Users/minsun/Desktop/항해 99/실전 프로젝트/CLIPs-backend/src/layers/middlewares/refresh.middleware.js","statementMap":{"0":{"start":{"line":1,"column":12},"end":{"line":1,"column":35}},"1":{"start":{"line":2,"column":0},"end":{"line":2,"column":25}},"2":{"start":{"line":5,"column":0},"end":{"line":18,"column":2}},"3":{"start":{"line":6,"column":27},"end":{"line":6,"column":35}},"4":{"start":{"line":7,"column":2},"end":{"line":17,"column":3}},"5":{"start":{"line":8,"column":23},"end":{"line":8,"column":79}},"6":{"start":{"line":9,"column":4},"end":{"line":9,"column":42}},"7":{"start":{"line":10,"column":4},"end":{"line":10,"column":36}},"8":{"start":{"line":12,"column":4},"end":{"line":12,"column":11}},"9":{"start":{"line":14,"column":4},"end":{"line":16,"column":58}}},"fnMap":{"0":{"name":"(anonymous_0)","decl":{"start":{"line":5,"column":17},"end":{"line":5,"column":18}},"loc":{"start":{"line":5,"column":37},"end":{"line":18,"column":1}},"line":5}},"branchMap":{},"s":{"0":1,"1":1,"2":1,"3":0,"4":0,"5":0,"6":0,"7":0,"8":0,"9":0},"f":{"0":0},"b":{},"_coverageSchema":"1a1c01bbd47fc00a2c39e90264f33305004495a9","hash":"1785d9ae695b220dd01e5e472a2e78e237c279bd"}
,"/Users/minsun/Desktop/항해 99/실전 프로젝트/CLIPs-backend/src/layers/repositories/auth.repository.js": {"path":"/Users/minsun/Desktop/항해 99/실전 프로젝트/CLIPs-backend/src/layers/repositories/auth.repository.js","statementMap":{"0":{"start":{"line":1,"column":26},"end":{"line":1,"column":59}},"1":{"start":{"line":3,"column":0},"end":{"line":76,"column":2}},"2":{"start":{"line":4,"column":15},"end":{"line":14,"column":3}},"3":{"start":{"line":5,"column":17},"end":{"line":12,"column":6}},"4":{"start":{"line":13,"column":4},"end":{"line":13,"column":16}},"5":{"start":{"line":15,"column":18},"end":{"line":23,"column":3}},"6":{"start":{"line":16,"column":17},"end":{"line":21,"column":6}},"7":{"start":{"line":22,"column":4},"end":{"line":22,"column":16}},"8":{"start":{"line":24,"column":20},"end":{"line":31,"column":3}},"9":{"start":{"line":25,"column":17},"end":{"line":29,"column":6}},"10":{"start":{"line":30,"column":4},"end":{"line":30,"column":16}},"11":{"start":{"line":32,"column":23},"end":{"line":39,"column":3}},"12":{"start":{"line":33,"column":17},"end":{"line":37,"column":6}},"13":{"start":{"line":38,"column":4},"end":{"line":38,"column":16}},"14":{"start":{"line":41,"column":17},"end":{"line":48,"column":3}},"15":{"start":{"line":42,"column":17},"end":{"line":45,"column":6}},"16":{"start":{"line":47,"column":4},"end":{"line":47,"column":16}},"17":{"start":{"line":51,"column":18},"end":{"line":55,"column":3}},"18":{"start":{"line":52,"column":20},"end":{"line":52,"column":59}},"19":{"start":{"line":54,"column":4},"end":{"line":54,"column":19}},"20":{"start":{"line":57,"column":16},"end":{"line":63,"column":3}},"21":{"start":{"line":58,"column":20},"end":{"line":60,"column":6}},"22":{"start":{"line":62,"column":4},"end":{"line":62,"column":19}},"23":{"start":{"line":65,"column":24},"end":{"line":69,"column":3}},"24":{"start":{"line":66,"column":20},"end":{"line":66,"column":64}},"25":{"start":{"line":68,"column":4},"end":{"line":68,"column":19}},"26":{"start":{"line":71,"column":18},"end":{"line":75,"column":3}},"27":{"start":{"line":72,"column":20},"end":{"line":72,"column":67}},"28":{"start":{"line":74,"column":4},"end":{"line":74,"column":19}}},"fnMap":{"0":{"name":"(anonymous_0)","decl":{"start":{"line":4,"column":15},"end":{"line":4,"column":16}},"loc":{"start":{"line":4,"column":72},"end":{"line":14,"column":3}},"line":4},"1":{"name":"(anonymous_1)","decl":{"start":{"line":15,"column":18},"end":{"line":15,"column":19}},"loc":{"start":{"line":15,"column":45},"end":{"line":23,"column":3}},"line":15},"2":{"name":"(anonymous_2)","decl":{"start":{"line":24,"column":20},"end":{"line":24,"column":21}},"loc":{"start":{"line":24,"column":37},"end":{"line":31,"column":3}},"line":24},"3":{"name":"(anonymous_3)","decl":{"start":{"line":32,"column":23},"end":{"line":32,"column":24}},"loc":{"start":{"line":32,"column":43},"end":{"line":39,"column":3}},"line":32},"4":{"name":"(anonymous_4)","decl":{"start":{"line":41,"column":17},"end":{"line":41,"column":18}},"loc":{"start":{"line":41,"column":35},"end":{"line":48,"column":3}},"line":41},"5":{"name":"(anonymous_5)","decl":{"start":{"line":51,"column":18},"end":{"line":51,"column":19}},"loc":{"start":{"line":51,"column":43},"end":{"line":55,"column":3}},"line":51},"6":{"name":"(anonymous_6)","decl":{"start":{"line":57,"column":16},"end":{"line":57,"column":17}},"loc":{"start":{"line":57,"column":41},"end":{"line":63,"column":3}},"line":57},"7":{"name":"(anonymous_7)","decl":{"start":{"line":65,"column":24},"end":{"line":65,"column":25}},"loc":{"start":{"line":65,"column":42},"end":{"line":69,"column":3}},"line":65},"8":{"name":"(anonymous_8)","decl":{"start":{"line":71,"column":18},"end":{"line":71,"column":19}},"loc":{"start":{"line":71,"column":39},"end":{"line":75,"column":3}},"line":71}},"branchMap":{},"s":{"0":1,"1":1,"2":1,"3":0,"4":0,"5":1,"6":0,"7":0,"8":1,"9":0,"10":0,"11":1,"12":0,"13":0,"14":1,"15":0,"16":0,"17":1,"18":0,"19":0,"20":1,"21":0,"22":0,"23":1,"24":0,"25":0,"26":1,"27":0,"28":0},"f":{"0":0,"1":0,"2":0,"3":0,"4":0,"5":0,"6":0,"7":0,"8":0},"b":{},"_coverageSchema":"1a1c01bbd47fc00a2c39e90264f33305004495a9","hash":"50290f5a34d6eac20e9f14166cec98e65b9ffe87"}
,"/Users/minsun/Desktop/항해 99/실전 프로젝트/CLIPs-backend/src/layers/repositories/promise.repository.js": {"path":"/Users/minsun/Desktop/항해 99/실전 프로젝트/CLIPs-backend/src/layers/repositories/promise.repository.js","statementMap":{"0":{"start":{"line":1,"column":11},"end":{"line":1,"column":44}},"1":{"start":{"line":2,"column":26},"end":{"line":2,"column":59}},"2":{"start":{"line":3,"column":15},"end":{"line":3,"column":41}},"3":{"start":{"line":4,"column":26},"end":{"line":4,"column":46}},"4":{"start":{"line":7,"column":18},"end":{"line":25,"column":3}},"5":{"start":{"line":8,"column":4},"end":{"line":24,"column":5}},"6":{"start":{"line":9,"column":6},"end":{"line":18,"column":9}},"7":{"start":{"line":20,"column":6},"end":{"line":20,"column":22}},"8":{"start":{"line":21,"column":20},"end":{"line":21,"column":34}},"9":{"start":{"line":22,"column":6},"end":{"line":22,"column":23}},"10":{"start":{"line":23,"column":6},"end":{"line":23,"column":18}},"11":{"start":{"line":27,"column":23},"end":{"line":39,"column":3}},"12":{"start":{"line":28,"column":4},"end":{"line":38,"column":5}},"13":{"start":{"line":29,"column":6},"end":{"line":32,"column":9}},"14":{"start":{"line":34,"column":6},"end":{"line":34,"column":22}},"15":{"start":{"line":35,"column":20},"end":{"line":35,"column":34}},"16":{"start":{"line":36,"column":6},"end":{"line":36,"column":23}},"17":{"start":{"line":37,"column":6},"end":{"line":37,"column":18}},"18":{"start":{"line":41,"column":18},"end":{"line":80,"column":3}},"19":{"start":{"line":42,"column":4},"end":{"line":79,"column":5}},"20":{"start":{"line":43,"column":26},"end":{"line":57,"column":8}},"21":{"start":{"line":59,"column":30},"end":{"line":71,"column":8}},"22":{"start":{"line":73,"column":6},"end":{"line":73,"column":50}},"23":{"start":{"line":75,"column":6},"end":{"line":75,"column":22}},"24":{"start":{"line":76,"column":20},"end":{"line":76,"column":34}},"25":{"start":{"line":77,"column":6},"end":{"line":77,"column":23}},"26":{"start":{"line":78,"column":6},"end":{"line":78,"column":18}},"27":{"start":{"line":82,"column":21},"end":{"line":101,"column":3}},"28":{"start":{"line":83,"column":4},"end":{"line":100,"column":5}},"29":{"start":{"line":84,"column":23},"end":{"line":92,"column":8}},"30":{"start":{"line":94,"column":6},"end":{"line":94,"column":33}},"31":{"start":{"line":96,"column":6},"end":{"line":96,"column":22}},"32":{"start":{"line":97,"column":20},"end":{"line":97,"column":46}},"33":{"start":{"line":98,"column":6},"end":{"line":98,"column":23}},"34":{"start":{"line":99,"column":6},"end":{"line":99,"column":18}},"35":{"start":{"line":103,"column":18},"end":{"line":120,"column":3}},"36":{"start":{"line":104,"column":4},"end":{"line":119,"column":5}},"37":{"start":{"line":105,"column":6},"end":{"line":112,"column":8}},"38":{"start":{"line":115,"column":6},"end":{"line":115,"column":22}},"39":{"start":{"line":116,"column":20},"end":{"line":116,"column":34}},"40":{"start":{"line":117,"column":6},"end":{"line":117,"column":23}},"41":{"start":{"line":118,"column":6},"end":{"line":118,"column":18}},"42":{"start":{"line":122,"column":15},"end":{"line":142,"column":3}},"43":{"start":{"line":123,"column":4},"end":{"line":141,"column":5}},"44":{"start":{"line":124,"column":23},"end":{"line":134,"column":8}},"45":{"start":{"line":135,"column":6},"end":{"line":135,"column":22}},"46":{"start":{"line":137,"column":6},"end":{"line":137,"column":22}},"47":{"start":{"line":138,"column":20},"end":{"line":138,"column":46}},"48":{"start":{"line":139,"column":6},"end":{"line":139,"column":23}},"49":{"start":{"line":140,"column":6},"end":{"line":140,"column":18}},"50":{"start":{"line":144,"column":18},"end":{"line":154,"column":3}},"51":{"start":{"line":145,"column":4},"end":{"line":153,"column":5}},"52":{"start":{"line":146,"column":6},"end":{"line":148,"column":9}},"53":{"start":{"line":150,"column":20},"end":{"line":150,"column":34}},"54":{"start":{"line":151,"column":6},"end":{"line":151,"column":23}},"55":{"start":{"line":152,"column":6},"end":{"line":152,"column":18}},"56":{"start":{"line":155,"column":13},"end":{"line":166,"column":3}},"57":{"start":{"line":156,"column":4},"end":{"line":165,"column":5}},"58":{"start":{"line":157,"column":6},"end":{"line":160,"column":9}},"59":{"start":{"line":162,"column":20},"end":{"line":162,"column":46}},"60":{"start":{"line":163,"column":6},"end":{"line":163,"column":23}},"61":{"start":{"line":164,"column":6},"end":{"line":164,"column":18}},"62":{"start":{"line":169,"column":0},"end":{"line":169,"column":35}}},"fnMap":{"0":{"name":"(anonymous_0)","decl":{"start":{"line":7,"column":18},"end":{"line":7,"column":19}},"loc":{"start":{"line":7,"column":85},"end":{"line":25,"column":3}},"line":7},"1":{"name":"(anonymous_1)","decl":{"start":{"line":27,"column":23},"end":{"line":27,"column":24}},"loc":{"start":{"line":27,"column":50},"end":{"line":39,"column":3}},"line":27},"2":{"name":"(anonymous_2)","decl":{"start":{"line":41,"column":18},"end":{"line":41,"column":19}},"loc":{"start":{"line":41,"column":36},"end":{"line":80,"column":3}},"line":41},"3":{"name":"(anonymous_3)","decl":{"start":{"line":82,"column":21},"end":{"line":82,"column":22}},"loc":{"start":{"line":82,"column":42},"end":{"line":101,"column":3}},"line":82},"4":{"name":"(anonymous_4)","decl":{"start":{"line":103,"column":18},"end":{"line":103,"column":19}},"loc":{"start":{"line":103,"column":86},"end":{"line":120,"column":3}},"line":103},"5":{"name":"(anonymous_5)","decl":{"start":{"line":122,"column":15},"end":{"line":122,"column":16}},"loc":{"start":{"line":122,"column":43},"end":{"line":142,"column":3}},"line":122},"6":{"name":"(anonymous_6)","decl":{"start":{"line":144,"column":18},"end":{"line":144,"column":19}},"loc":{"start":{"line":144,"column":47},"end":{"line":154,"column":3}},"line":144},"7":{"name":"(anonymous_7)","decl":{"start":{"line":155,"column":13},"end":{"line":155,"column":14}},"loc":{"start":{"line":155,"column":31},"end":{"line":166,"column":3}},"line":155}},"branchMap":{},"s":{"0":1,"1":1,"2":1,"3":1,"4":1,"5":0,"6":0,"7":0,"8":0,"9":0,"10":0,"11":1,"12":0,"13":0,"14":0,"15":0,"16":0,"17":0,"18":1,"19":0,"20":0,"21":0,"22":0,"23":0,"24":0,"25":0,"26":0,"27":1,"28":0,"29":0,"30":0,"31":0,"32":0,"33":0,"34":0,"35":1,"36":0,"37":0,"38":0,"39":0,"40":0,"41":0,"42":1,"43":0,"44":0,"45":0,"46":0,"47":0,"48":0,"49":0,"50":1,"51":0,"52":0,"53":0,"54":0,"55":0,"56":1,"57":0,"58":0,"59":0,"60":0,"61":0,"62":1},"f":{"0":0,"1":0,"2":0,"3":0,"4":0,"5":0,"6":0,"7":0},"b":{},"_coverageSchema":"1a1c01bbd47fc00a2c39e90264f33305004495a9","hash":"ec545df553097addf2438be40e9cb2de38cc9497"}
,"/Users/minsun/Desktop/항해 99/실전 프로젝트/CLIPs-backend/src/layers/repositories/review.repository.js": {"path":"/Users/minsun/Desktop/항해 99/실전 프로젝트/CLIPs-backend/src/layers/repositories/review.repository.js","statementMap":{"0":{"start":{"line":7,"column":4},"end":{"line":7,"column":37}},"1":{"start":{"line":8,"column":18},"end":{"line":8,"column":38}},"2":{"start":{"line":9,"column":15},"end":{"line":9,"column":35}},"3":{"start":{"line":10,"column":10},"end":{"line":10,"column":27}},"4":{"start":{"line":12,"column":0},"end":{"line":193,"column":2}},"5":{"start":{"line":15,"column":21},"end":{"line":61,"column":3}},"6":{"start":{"line":16,"column":4},"end":{"line":60,"column":5}},"7":{"start":{"line":17,"column":21},"end":{"line":21,"column":8}},"8":{"start":{"line":23,"column":6},"end":{"line":56,"column":7}},"9":{"start":{"line":24,"column":8},"end":{"line":24,"column":51}},"10":{"start":{"line":26,"column":33},"end":{"line":30,"column":10}},"11":{"start":{"line":32,"column":25},"end":{"line":32,"column":27}},"12":{"start":{"line":33,"column":8},"end":{"line":39,"column":9}},"13":{"start":{"line":33,"column":21},"end":{"line":33,"column":22}},"14":{"start":{"line":34,"column":30},"end":{"line":37,"column":11}},"15":{"start":{"line":38,"column":10},"end":{"line":38,"column":41}},"16":{"start":{"line":40,"column":8},"end":{"line":40,"column":49}},"17":{"start":{"line":43,"column":36},"end":{"line":46,"column":9}},"18":{"start":{"line":47,"column":8},"end":{"line":54,"column":9}},"19":{"start":{"line":47,"column":21},"end":{"line":47,"column":22}},"20":{"start":{"line":48,"column":10},"end":{"line":53,"column":12}},"21":{"start":{"line":55,"column":8},"end":{"line":55,"column":15}},"22":{"start":{"line":58,"column":6},"end":{"line":58,"column":23}},"23":{"start":{"line":59,"column":6},"end":{"line":59,"column":38}},"24":{"start":{"line":66,"column":18},"end":{"line":128,"column":3}},"25":{"start":{"line":67,"column":26},"end":{"line":67,"column":28}},"26":{"start":{"line":69,"column":4},"end":{"line":127,"column":5}},"27":{"start":{"line":71,"column":32},"end":{"line":79,"column":8}},"28":{"start":{"line":81,"column":6},"end":{"line":90,"column":7}},"29":{"start":{"line":81,"column":19},"end":{"line":81,"column":20}},"30":{"start":{"line":82,"column":23},"end":{"line":88,"column":10}},"31":{"start":{"line":89,"column":8},"end":{"line":89,"column":60}},"32":{"start":{"line":92,"column":29},"end":{"line":104,"column":8}},"33":{"start":{"line":106,"column":6},"end":{"line":121,"column":7}},"34":{"start":{"line":106,"column":19},"end":{"line":106,"column":20}},"35":{"start":{"line":107,"column":31},"end":{"line":118,"column":10}},"36":{"start":{"line":119,"column":8},"end":{"line":119,"column":78}},"37":{"start":{"line":120,"column":8},"end":{"line":120,"column":73}},"38":{"start":{"line":122,"column":6},"end":{"line":122,"column":55}},"39":{"start":{"line":125,"column":6},"end":{"line":125,"column":23}},"40":{"start":{"line":126,"column":6},"end":{"line":126,"column":38}},"41":{"start":{"line":130,"column":21},"end":{"line":165,"column":3}},"42":{"start":{"line":132,"column":23},"end":{"line":135,"column":5}},"43":{"start":{"line":137,"column":4},"end":{"line":164,"column":5}},"44":{"start":{"line":138,"column":6},"end":{"line":163,"column":7}},"45":{"start":{"line":140,"column":8},"end":{"line":142,"column":11}},"46":{"start":{"line":145,"column":33},"end":{"line":148,"column":9}},"47":{"start":{"line":151,"column":30},"end":{"line":151,"column":32}},"48":{"start":{"line":152,"column":8},"end":{"line":155,"column":9}},"49":{"start":{"line":152,"column":21},"end":{"line":152,"column":22}},"50":{"start":{"line":153,"column":36},"end":{"line":153,"column":75}},"51":{"start":{"line":154,"column":10},"end":{"line":154,"column":52}},"52":{"start":{"line":156,"column":38},"end":{"line":158,"column":9}},"53":{"start":{"line":159,"column":8},"end":{"line":159,"column":55}},"54":{"start":{"line":161,"column":8},"end":{"line":161,"column":25}},"55":{"start":{"line":162,"column":8},"end":{"line":162,"column":40}},"56":{"start":{"line":167,"column":21},"end":{"line":192,"column":3}},"57":{"start":{"line":169,"column":4},"end":{"line":191,"column":5}},"58":{"start":{"line":170,"column":27},"end":{"line":173,"column":8}},"59":{"start":{"line":175,"column":6},"end":{"line":180,"column":7}},"60":{"start":{"line":175,"column":19},"end":{"line":175,"column":20}},"61":{"start":{"line":176,"column":8},"end":{"line":179,"column":10}},"62":{"start":{"line":182,"column":6},"end":{"line":182,"column":52}},"63":{"start":{"line":183,"column":6},"end":{"line":185,"column":9}},"64":{"start":{"line":187,"column":6},"end":{"line":187,"column":13}},"65":{"start":{"line":189,"column":6},"end":{"line":189,"column":23}},"66":{"start":{"line":190,"column":6},"end":{"line":190,"column":38}}},"fnMap":{"0":{"name":"(anonymous_0)","decl":{"start":{"line":15,"column":21},"end":{"line":15,"column":22}},"loc":{"start":{"line":15,"column":66},"end":{"line":61,"column":3}},"line":15},"1":{"name":"(anonymous_1)","decl":{"start":{"line":66,"column":18},"end":{"line":66,"column":19}},"loc":{"start":{"line":66,"column":36},"end":{"line":128,"column":3}},"line":66},"2":{"name":"(anonymous_2)","decl":{"start":{"line":130,"column":21},"end":{"line":130,"column":22}},"loc":{"start":{"line":130,"column":65},"end":{"line":165,"column":3}},"line":130},"3":{"name":"(anonymous_3)","decl":{"start":{"line":167,"column":21},"end":{"line":167,"column":22}},"loc":{"start":{"line":167,"column":49},"end":{"line":192,"column":3}},"line":167}},"branchMap":{"0":{"loc":{"start":{"line":23,"column":6},"end":{"line":56,"column":7}},"type":"if","locations":[{"start":{"line":23,"column":6},"end":{"line":56,"column":7}},{"start":{"line":25,"column":13},"end":{"line":56,"column":7}}],"line":23},"1":{"loc":{"start":{"line":137,"column":4},"end":{"line":164,"column":5}},"type":"if","locations":[{"start":{"line":137,"column":4},"end":{"line":164,"column":5}},{"start":{},"end":{}}],"line":137}},"s":{"0":1,"1":1,"2":1,"3":1,"4":1,"5":1,"6":0,"7":0,"8":0,"9":0,"10":0,"11":0,"12":0,"13":0,"14":0,"15":0,"16":0,"17":0,"18":0,"19":0,"20":0,"21":0,"22":0,"23":0,"24":1,"25":0,"26":0,"27":0,"28":0,"29":0,"30":0,"31":0,"32":0,"33":0,"34":0,"35":0,"36":0,"37":0,"38":0,"39":0,"40":0,"41":1,"42":0,"43":0,"44":0,"45":0,"46":0,"47":0,"48":0,"49":0,"50":0,"51":0,"52":0,"53":0,"54":0,"55":0,"56":1,"57":0,"58":0,"59":0,"60":0,"61":0,"62":0,"63":0,"64":0,"65":0,"66":0},"f":{"0":0,"1":0,"2":0,"3":0},"b":{"0":[0,0],"1":[0,0]},"_coverageSchema":"1a1c01bbd47fc00a2c39e90264f33305004495a9","hash":"3afbcbb2e8f7167e09347954628aed0224dfab16"}
,"/Users/minsun/Desktop/항해 99/실전 프로젝트/CLIPs-backend/src/layers/routers/auth.router.js": {"path":"/Users/minsun/Desktop/항해 99/실전 프로젝트/CLIPs-backend/src/layers/routers/auth.router.js","statementMap":{"0":{"start":{"line":1,"column":16},"end":{"line":1,"column":34}},"1":{"start":{"line":2,"column":19},"end":{"line":2,"column":35}},"2":{"start":{"line":4,"column":17},"end":{"line":4,"column":36}},"3":{"start":{"line":5,"column":12},"end":{"line":5,"column":35}},"4":{"start":{"line":7,"column":24},"end":{"line":7,"column":65}},"5":{"start":{"line":8,"column":20},"end":{"line":8,"column":64}},"6":{"start":{"line":9,"column":22},"end":{"line":9,"column":72}},"7":{"start":{"line":10,"column":19},"end":{"line":10,"column":66}},"8":{"start":{"line":11,"column":26},"end":{"line":11,"column":68}},"9":{"start":{"line":12,"column":24},"end":{"line":12,"column":72}},"10":{"start":{"line":14,"column":23},"end":{"line":14,"column":64}},"11":{"start":{"line":15,"column":23},"end":{"line":15,"column":43}},"12":{"start":{"line":17,"column":0},"end":{"line":17,"column":65}},"13":{"start":{"line":18,"column":0},"end":{"line":18,"column":53}},"14":{"start":{"line":19,"column":0},"end":{"line":19,"column":59}},"15":{"start":{"line":20,"column":0},"end":{"line":20,"column":65}},"16":{"start":{"line":21,"column":0},"end":{"line":21,"column":63}},"17":{"start":{"line":22,"column":0},"end":{"line":22,"column":67}},"18":{"start":{"line":23,"column":0},"end":{"line":23,"column":69}},"19":{"start":{"line":24,"column":0},"end":{"line":30,"column":2}},"20":{"start":{"line":31,"column":0},"end":{"line":31,"column":57}},"21":{"start":{"line":32,"column":0},"end":{"line":40,"column":2}},"22":{"start":{"line":41,"column":0},"end":{"line":41,"column":28}}},"fnMap":{},"branchMap":{},"s":{"0":1,"1":1,"2":1,"3":1,"4":1,"5":1,"6":1,"7":1,"8":1,"9":1,"10":1,"11":1,"12":1,"13":1,"14":1,"15":1,"16":1,"17":1,"18":1,"19":1,"20":1,"21":1,"22":1},"f":{},"b":{},"_coverageSchema":"1a1c01bbd47fc00a2c39e90264f33305004495a9","hash":"eec0b13ef64d7f4c431fe0c9d018059f0edb28a7"}
,"/Users/minsun/Desktop/항해 99/실전 프로젝트/CLIPs-backend/src/layers/routers/index.js": {"path":"/Users/minsun/Desktop/항해 99/실전 프로젝트/CLIPs-backend/src/layers/routers/index.js","statementMap":{"0":{"start":{"line":1,"column":16},"end":{"line":1,"column":34}},"1":{"start":{"line":2,"column":15},"end":{"line":2,"column":31}},"2":{"start":{"line":4,"column":18},"end":{"line":4,"column":47}},"3":{"start":{"line":5,"column":20},"end":{"line":5,"column":64}},"4":{"start":{"line":7,"column":19},"end":{"line":7,"column":43}},"5":{"start":{"line":8,"column":19},"end":{"line":8,"column":43}},"6":{"start":{"line":9,"column":22},"end":{"line":9,"column":49}},"7":{"start":{"line":10,"column":21},"end":{"line":10,"column":47}},"8":{"start":{"line":12,"column":0},"end":{"line":12,"column":32}},"9":{"start":{"line":13,"column":0},"end":{"line":13,"column":38}},"10":{"start":{"line":14,"column":0},"end":{"line":14,"column":32}},"11":{"start":{"line":15,"column":0},"end":{"line":15,"column":36}},"12":{"start":{"line":17,"column":0},"end":{"line":17,"column":70}},"13":{"start":{"line":19,"column":0},"end":{"line":19,"column":24}}},"fnMap":{},"branchMap":{},"s":{"0":1,"1":1,"2":1,"3":1,"4":1,"5":1,"6":1,"7":1,"8":1,"9":1,"10":1,"11":1,"12":1,"13":1},"f":{},"b":{},"_coverageSchema":"1a1c01bbd47fc00a2c39e90264f33305004495a9","hash":"c22f89051e27ef9c589b2ca57cecb5546dcc5044"}
,"/Users/minsun/Desktop/항해 99/실전 프로젝트/CLIPs-backend/src/layers/routers/main.router.js": {"path":"/Users/minsun/Desktop/항해 99/실전 프로젝트/CLIPs-backend/src/layers/routers/main.router.js","statementMap":{"0":{"start":{"line":1,"column":16},"end":{"line":1,"column":34}},"1":{"start":{"line":2,"column":19},"end":{"line":2,"column":35}},"2":{"start":{"line":3,"column":23},"end":{"line":3,"column":64}},"3":{"start":{"line":4,"column":23},"end":{"line":4,"column":43}},"4":{"start":{"line":7,"column":0},"end":{"line":7,"column":46}},"5":{"start":{"line":8,"column":0},"end":{"line":8,"column":58}},"6":{"start":{"line":14,"column":0},"end":{"line":14,"column":28}}},"fnMap":{},"branchMap":{},"s":{"0":1,"1":1,"2":1,"3":1,"4":1,"5":1,"6":1},"f":{},"b":{},"_coverageSchema":"1a1c01bbd47fc00a2c39e90264f33305004495a9","hash":"7510b383edb0d049be39f05535abf1ddfd0d807a"}
,"/Users/minsun/Desktop/항해 99/실전 프로젝트/CLIPs-backend/src/layers/routers/promise.router.js": {"path":"/Users/minsun/Desktop/항해 99/실전 프로젝트/CLIPs-backend/src/layers/routers/promise.router.js","statementMap":{"0":{"start":{"line":1,"column":16},"end":{"line":1,"column":34}},"1":{"start":{"line":2,"column":22},"end":{"line":2,"column":38}},"2":{"start":{"line":3,"column":24},"end":{"line":3,"column":65}},"3":{"start":{"line":5,"column":26},"end":{"line":5,"column":70}},"4":{"start":{"line":6,"column":26},"end":{"line":6,"column":49}},"5":{"start":{"line":8,"column":0},"end":{"line":8,"column":73}},"6":{"start":{"line":9,"column":0},"end":{"line":9,"column":86}},"7":{"start":{"line":10,"column":0},"end":{"line":10,"column":81}},"8":{"start":{"line":11,"column":0},"end":{"line":11,"column":85}},"9":{"start":{"line":15,"column":0},"end":{"line":15,"column":31}}},"fnMap":{},"branchMap":{},"s":{"0":1,"1":1,"2":1,"3":1,"4":1,"5":1,"6":1,"7":1,"8":1,"9":1},"f":{},"b":{},"_coverageSchema":"1a1c01bbd47fc00a2c39e90264f33305004495a9","hash":"0427c294271a4b0cf6a96c2bed68da94ea9f3fbd"}
,"/Users/minsun/Desktop/항해 99/실전 프로젝트/CLIPs-backend/src/layers/routers/review.router.js": {"path":"/Users/minsun/Desktop/항해 99/실전 프로젝트/CLIPs-backend/src/layers/routers/review.router.js","statementMap":{"0":{"start":{"line":1,"column":16},"end":{"line":1,"column":34}},"1":{"start":{"line":2,"column":21},"end":{"line":2,"column":37}},"2":{"start":{"line":3,"column":24},"end":{"line":3,"column":65}},"3":{"start":{"line":4,"column":25},"end":{"line":4,"column":67}},"4":{"start":{"line":5,"column":22},"end":{"line":5,"column":70}},"5":{"start":{"line":7,"column":25},"end":{"line":7,"column":68}},"6":{"start":{"line":8,"column":25},"end":{"line":8,"column":47}},"7":{"start":{"line":11,"column":0},"end":{"line":11,"column":96}},"8":{"start":{"line":12,"column":0},"end":{"line":12,"column":67}},"9":{"start":{"line":13,"column":0},"end":{"line":13,"column":107}},"10":{"start":{"line":14,"column":0},"end":{"line":14,"column":94}},"11":{"start":{"line":16,"column":0},"end":{"line":16,"column":30}}},"fnMap":{},"branchMap":{},"s":{"0":1,"1":1,"2":1,"3":1,"4":1,"5":1,"6":1,"7":1,"8":1,"9":1,"10":1,"11":1},"f":{},"b":{},"_coverageSchema":"1a1c01bbd47fc00a2c39e90264f33305004495a9","hash":"4b8000d705f9ce9b0d5eff1276381eba0161a3ca"}
,"/Users/minsun/Desktop/항해 99/실전 프로젝트/CLIPs-backend/src/layers/services/auth.service.js": {"path":"/Users/minsun/Desktop/항해 99/실전 프로젝트/CLIPs-backend/src/layers/services/auth.service.js","statementMap":{"0":{"start":{"line":1,"column":12},"end":{"line":1,"column":35}},"1":{"start":{"line":2,"column":15},"end":{"line":2,"column":32}},"2":{"start":{"line":3,"column":15},"end":{"line":3,"column":46}},"3":{"start":{"line":4,"column":0},"end":{"line":4,"column":25}},"4":{"start":{"line":6,"column":23},"end":{"line":6,"column":65}},"5":{"start":{"line":8,"column":0},"end":{"line":227,"column":2}},"6":{"start":{"line":9,"column":19},"end":{"line":9,"column":39}},"7":{"start":{"line":10,"column":11},"end":{"line":10,"column":23}},"8":{"start":{"line":12,"column":15},"end":{"line":33,"column":3}},"9":{"start":{"line":13,"column":4},"end":{"line":32,"column":5}},"10":{"start":{"line":14,"column":26},"end":{"line":20,"column":7}},"11":{"start":{"line":21,"column":27},"end":{"line":27,"column":7}},"12":{"start":{"line":28,"column":6},"end":{"line":28,"column":43}},"13":{"start":{"line":30,"column":6},"end":{"line":30,"column":23}},"14":{"start":{"line":31,"column":6},"end":{"line":31,"column":51}},"15":{"start":{"line":34,"column":14},"end":{"line":46,"column":3}},"16":{"start":{"line":35,"column":4},"end":{"line":45,"column":5}},"17":{"start":{"line":36,"column":23},"end":{"line":36,"column":69}},"18":{"start":{"line":37,"column":6},"end":{"line":41,"column":8}},"19":{"start":{"line":43,"column":6},"end":{"line":43,"column":23}},"20":{"start":{"line":44,"column":6},"end":{"line":44,"column":51}},"21":{"start":{"line":47,"column":17},"end":{"line":70,"column":3}},"22":{"start":{"line":56,"column":4},"end":{"line":69,"column":5}},"23":{"start":{"line":57,"column":21},"end":{"line":65,"column":7}},"24":{"start":{"line":67,"column":6},"end":{"line":67,"column":23}},"25":{"start":{"line":68,"column":6},"end":{"line":68,"column":51}},"26":{"start":{"line":71,"column":15},"end":{"line":93,"column":3}},"27":{"start":{"line":72,"column":4},"end":{"line":92,"column":5}},"28":{"start":{"line":73,"column":26},"end":{"line":73,"column":74}},"29":{"start":{"line":74,"column":6},"end":{"line":76,"column":7}},"30":{"start":{"line":75,"column":8},"end":{"line":75,"column":61}},"31":{"start":{"line":78,"column":29},"end":{"line":78,"column":71}},"32":{"start":{"line":80,"column":19},"end":{"line":87,"column":7}},"33":{"start":{"line":88,"column":6},"end":{"line":88,"column":56}},"34":{"start":{"line":90,"column":6},"end":{"line":90,"column":23}},"35":{"start":{"line":91,"column":6},"end":{"line":91,"column":51}},"36":{"start":{"line":95,"column":11},"end":{"line":153,"column":3}},"37":{"start":{"line":96,"column":4},"end":{"line":152,"column":5}},"38":{"start":{"line":97,"column":19},"end":{"line":97,"column":67}},"39":{"start":{"line":98,"column":6},"end":{"line":104,"column":7}},"40":{"start":{"line":99,"column":8},"end":{"line":103,"column":10}},"41":{"start":{"line":106,"column":29},"end":{"line":106,"column":42}},"42":{"start":{"line":107,"column":30},"end":{"line":107,"column":76}},"43":{"start":{"line":108,"column":6},"end":{"line":114,"column":7}},"44":{"start":{"line":109,"column":8},"end":{"line":113,"column":10}},"45":{"start":{"line":117,"column":29},"end":{"line":119,"column":7}},"46":{"start":{"line":121,"column":6},"end":{"line":123,"column":7}},"47":{"start":{"line":122,"column":8},"end":{"line":122,"column":74}},"48":{"start":{"line":125,"column":27},"end":{"line":131,"column":7}},"49":{"start":{"line":133,"column":6},"end":{"line":133,"column":73}},"50":{"start":{"line":136,"column":26},"end":{"line":142,"column":7}},"51":{"start":{"line":143,"column":6},"end":{"line":148,"column":8}},"52":{"start":{"line":150,"column":6},"end":{"line":150,"column":23}},"53":{"start":{"line":151,"column":6},"end":{"line":151,"column":55}},"54":{"start":{"line":154,"column":15},"end":{"line":166,"column":3}},"55":{"start":{"line":155,"column":4},"end":{"line":165,"column":5}},"56":{"start":{"line":156,"column":26},"end":{"line":156,"column":74}},"57":{"start":{"line":157,"column":6},"end":{"line":161,"column":7}},"58":{"start":{"line":158,"column":8},"end":{"line":158,"column":60}},"59":{"start":{"line":160,"column":8},"end":{"line":160,"column":60}},"60":{"start":{"line":163,"column":6},"end":{"line":163,"column":23}},"61":{"start":{"line":164,"column":6},"end":{"line":164,"column":61}},"62":{"start":{"line":168,"column":18},"end":{"line":182,"column":3}},"63":{"start":{"line":169,"column":4},"end":{"line":181,"column":5}},"64":{"start":{"line":170,"column":26},"end":{"line":172,"column":7}},"65":{"start":{"line":173,"column":6},"end":{"line":177,"column":7}},"66":{"start":{"line":174,"column":8},"end":{"line":174,"column":60}},"67":{"start":{"line":176,"column":8},"end":{"line":176,"column":58}},"68":{"start":{"line":179,"column":6},"end":{"line":179,"column":23}},"69":{"start":{"line":180,"column":6},"end":{"line":180,"column":61}},"70":{"start":{"line":183,"column":12},"end":{"line":200,"column":3}},"71":{"start":{"line":184,"column":4},"end":{"line":199,"column":5}},"72":{"start":{"line":185,"column":22},"end":{"line":185,"column":74}},"73":{"start":{"line":186,"column":6},"end":{"line":191,"column":7}},"74":{"start":{"line":187,"column":8},"end":{"line":190,"column":10}},"75":{"start":{"line":193,"column":6},"end":{"line":193,"column":65}},"76":{"start":{"line":195,"column":6},"end":{"line":195,"column":29}},"77":{"start":{"line":197,"column":6},"end":{"line":197,"column":23}},"78":{"start":{"line":198,"column":6},"end":{"line":198,"column":57}},"79":{"start":{"line":202,"column":12},"end":{"line":226,"column":3}},"80":{"start":{"line":203,"column":4},"end":{"line":225,"column":5}},"81":{"start":{"line":204,"column":22},"end":{"line":204,"column":74}},"82":{"start":{"line":205,"column":6},"end":{"line":210,"column":7}},"83":{"start":{"line":206,"column":8},"end":{"line":209,"column":10}},"84":{"start":{"line":212,"column":19},"end":{"line":212,"column":73}},"85":{"start":{"line":213,"column":26},"end":{"line":219,"column":7}},"86":{"start":{"line":221,"column":6},"end":{"line":221,"column":55}},"87":{"start":{"line":223,"column":6},"end":{"line":223,"column":23}},"88":{"start":{"line":224,"column":6},"end":{"line":224,"column":58}}},"fnMap":{"0":{"name":"(anonymous_0)","decl":{"start":{"line":12,"column":15},"end":{"line":12,"column":16}},"loc":{"start":{"line":12,"column":33},"end":{"line":33,"column":3}},"line":12},"1":{"name":"(anonymous_1)","decl":{"start":{"line":34,"column":14},"end":{"line":34,"column":15}},"loc":{"start":{"line":34,"column":32},"end":{"line":46,"column":3}},"line":34},"2":{"name":"(anonymous_2)","decl":{"start":{"line":47,"column":17},"end":{"line":47,"column":18}},"loc":{"start":{"line":55,"column":7},"end":{"line":70,"column":3}},"line":55},"3":{"name":"(anonymous_3)","decl":{"start":{"line":71,"column":15},"end":{"line":71,"column":16}},"loc":{"start":{"line":71,"column":72},"end":{"line":93,"column":3}},"line":71},"4":{"name":"(anonymous_4)","decl":{"start":{"line":95,"column":11},"end":{"line":95,"column":12}},"loc":{"start":{"line":95,"column":38},"end":{"line":153,"column":3}},"line":95},"5":{"name":"(anonymous_5)","decl":{"start":{"line":154,"column":15},"end":{"line":154,"column":16}},"loc":{"start":{"line":154,"column":32},"end":{"line":166,"column":3}},"line":154},"6":{"name":"(anonymous_6)","decl":{"start":{"line":168,"column":18},"end":{"line":168,"column":19}},"loc":{"start":{"line":168,"column":38},"end":{"line":182,"column":3}},"line":168},"7":{"name":"(anonymous_7)","decl":{"start":{"line":183,"column":12},"end":{"line":183,"column":13}},"loc":{"start":{"line":183,"column":37},"end":{"line":200,"column":3}},"line":183},"8":{"name":"(anonymous_8)","decl":{"start":{"line":202,"column":12},"end":{"line":202,"column":13}},"loc":{"start":{"line":202,"column":37},"end":{"line":226,"column":3}},"line":202}},"branchMap":{"0":{"loc":{"start":{"line":74,"column":6},"end":{"line":76,"column":7}},"type":"if","locations":[{"start":{"line":74,"column":6},"end":{"line":76,"column":7}},{"start":{},"end":{}}],"line":74},"1":{"loc":{"start":{"line":98,"column":6},"end":{"line":104,"column":7}},"type":"if","locations":[{"start":{"line":98,"column":6},"end":{"line":104,"column":7}},{"start":{},"end":{}}],"line":98},"2":{"loc":{"start":{"line":108,"column":6},"end":{"line":114,"column":7}},"type":"if","locations":[{"start":{"line":108,"column":6},"end":{"line":114,"column":7}},{"start":{},"end":{}}],"line":108},"3":{"loc":{"start":{"line":121,"column":6},"end":{"line":123,"column":7}},"type":"if","locations":[{"start":{"line":121,"column":6},"end":{"line":123,"column":7}},{"start":{},"end":{}}],"line":121},"4":{"loc":{"start":{"line":157,"column":6},"end":{"line":161,"column":7}},"type":"if","locations":[{"start":{"line":157,"column":6},"end":{"line":161,"column":7}},{"start":{"line":159,"column":13},"end":{"line":161,"column":7}}],"line":157},"5":{"loc":{"start":{"line":173,"column":6},"end":{"line":177,"column":7}},"type":"if","locations":[{"start":{"line":173,"column":6},"end":{"line":177,"column":7}},{"start":{"line":175,"column":13},"end":{"line":177,"column":7}}],"line":173},"6":{"loc":{"start":{"line":186,"column":6},"end":{"line":191,"column":7}},"type":"if","locations":[{"start":{"line":186,"column":6},"end":{"line":191,"column":7}},{"start":{},"end":{}}],"line":186},"7":{"loc":{"start":{"line":205,"column":6},"end":{"line":210,"column":7}},"type":"if","locations":[{"start":{"line":205,"column":6},"end":{"line":210,"column":7}},{"start":{},"end":{}}],"line":205}},"s":{"0":1,"1":1,"2":1,"3":1,"4":1,"5":1,"6":1,"7":1,"8":1,"9":0,"10":0,"11":0,"12":0,"13":0,"14":0,"15":1,"16":0,"17":0,"18":0,"19":0,"20":0,"21":1,"22":0,"23":0,"24":0,"25":0,"26":1,"27":0,"28":0,"29":0,"30":0,"31":0,"32":0,"33":0,"34":0,"35":0,"36":1,"37":0,"38":0,"39":0,"40":0,"41":0,"42":0,"43":0,"44":0,"45":0,"46":0,"47":0,"48":0,"49":0,"50":0,"51":0,"52":0,"53":0,"54":1,"55":0,"56":0,"57":0,"58":0,"59":0,"60":0,"61":0,"62":1,"63":0,"64":0,"65":0,"66":0,"67":0,"68":0,"69":0,"70":1,"71":0,"72":0,"73":0,"74":0,"75":0,"76":0,"77":0,"78":0,"79":1,"80":0,"81":0,"82":0,"83":0,"84":0,"85":0,"86":0,"87":0,"88":0},"f":{"0":0,"1":0,"2":0,"3":0,"4":0,"5":0,"6":0,"7":0,"8":0},"b":{"0":[0,0],"1":[0,0],"2":[0,0],"3":[0,0],"4":[0,0],"5":[0,0],"6":[0,0],"7":[0,0]},"_coverageSchema":"1a1c01bbd47fc00a2c39e90264f33305004495a9","hash":"f7dc1533f737fa576f189ca373652cee449c9f75"}
,"/Users/minsun/Desktop/항해 99/실전 프로젝트/CLIPs-backend/src/layers/services/main.service.js": {"path":"/Users/minsun/Desktop/항해 99/실전 프로젝트/CLIPs-backend/src/layers/services/main.service.js","statementMap":{"0":{"start":{"line":2,"column":16},"end":{"line":2,"column":34}},"1":{"start":{"line":3,"column":14},"end":{"line":3,"column":30}},"2":{"start":{"line":4,"column":18},"end":{"line":4,"column":36}},"3":{"start":{"line":8,"column":18},"end":{"line":8,"column":38}},"4":{"start":{"line":9,"column":16},"end":{"line":9,"column":34}},"5":{"start":{"line":10,"column":11},"end":{"line":10,"column":24}},"6":{"start":{"line":12,"column":0},"end":{"line":211,"column":2}},"7":{"start":{"line":14,"column":12},"end":{"line":150,"column":3}},"8":{"start":{"line":16,"column":4},"end":{"line":149,"column":5}},"9":{"start":{"line":17,"column":26},"end":{"line":17,"column":59}},"10":{"start":{"line":18,"column":29},"end":{"line":18,"column":31}},"11":{"start":{"line":19,"column":19},"end":{"line":19,"column":21}},"12":{"start":{"line":21,"column":6},"end":{"line":28,"column":7}},"13":{"start":{"line":21,"column":19},"end":{"line":21,"column":20}},"14":{"start":{"line":22,"column":26},"end":{"line":22,"column":72}},"15":{"start":{"line":23,"column":8},"end":{"line":27,"column":9}},"16":{"start":{"line":24,"column":10},"end":{"line":24,"column":45}},"17":{"start":{"line":26,"column":10},"end":{"line":26,"column":14}},"18":{"start":{"line":29,"column":6},"end":{"line":31,"column":7}},"19":{"start":{"line":29,"column":19},"end":{"line":29,"column":20}},"20":{"start":{"line":30,"column":8},"end":{"line":30,"column":53}},"21":{"start":{"line":34,"column":30},"end":{"line":41,"column":8}},"22":{"start":{"line":42,"column":33},"end":{"line":48,"column":8}},"23":{"start":{"line":43,"column":8},"end":{"line":47,"column":10}},"24":{"start":{"line":64,"column":6},"end":{"line":145,"column":7}},"25":{"start":{"line":65,"column":8},"end":{"line":104,"column":9}},"26":{"start":{"line":65,"column":21},"end":{"line":65,"column":22}},"27":{"start":{"line":66,"column":32},"end":{"line":78,"column":12}},"28":{"start":{"line":80,"column":36},"end":{"line":91,"column":12}},"29":{"start":{"line":81,"column":12},"end":{"line":90,"column":14}},"30":{"start":{"line":93,"column":10},"end":{"line":103,"column":11}},"31":{"start":{"line":94,"column":12},"end":{"line":96,"column":14}},"32":{"start":{"line":99,"column":12},"end":{"line":102,"column":14}},"33":{"start":{"line":106,"column":8},"end":{"line":144,"column":9}},"34":{"start":{"line":106,"column":21},"end":{"line":106,"column":22}},"35":{"start":{"line":107,"column":32},"end":{"line":119,"column":12}},"36":{"start":{"line":121,"column":36},"end":{"line":132,"column":12}},"37":{"start":{"line":122,"column":12},"end":{"line":131,"column":14}},"38":{"start":{"line":134,"column":10},"end":{"line":143,"column":11}},"39":{"start":{"line":135,"column":12},"end":{"line":137,"column":14}},"40":{"start":{"line":139,"column":12},"end":{"line":142,"column":14}},"41":{"start":{"line":147,"column":6},"end":{"line":147,"column":23}},"42":{"start":{"line":148,"column":6},"end":{"line":148,"column":38}},"43":{"start":{"line":153,"column":14},"end":{"line":210,"column":3}},"44":{"start":{"line":154,"column":4},"end":{"line":209,"column":5}},"45":{"start":{"line":155,"column":28},"end":{"line":155,"column":30}},"46":{"start":{"line":156,"column":29},"end":{"line":156,"column":31}},"47":{"start":{"line":157,"column":22},"end":{"line":160,"column":8}},"48":{"start":{"line":162,"column":19},"end":{"line":162,"column":42}},"49":{"start":{"line":163,"column":6},"end":{"line":163,"column":32}},"50":{"start":{"line":164,"column":6},"end":{"line":166,"column":8}},"51":{"start":{"line":165,"column":8},"end":{"line":165,"column":53}},"52":{"start":{"line":167,"column":22},"end":{"line":167,"column":42}},"53":{"start":{"line":168,"column":14},"end":{"line":168,"column":35}},"54":{"start":{"line":171,"column":29},"end":{"line":171,"column":45}},"55":{"start":{"line":172,"column":26},"end":{"line":174,"column":8}},"56":{"start":{"line":173,"column":8},"end":{"line":173,"column":47}},"57":{"start":{"line":176,"column":19},"end":{"line":176,"column":66}},"58":{"start":{"line":177,"column":6},"end":{"line":184,"column":7}},"59":{"start":{"line":177,"column":19},"end":{"line":177,"column":20}},"60":{"start":{"line":178,"column":8},"end":{"line":182,"column":9}},"61":{"start":{"line":179,"column":10},"end":{"line":179,"column":72}},"62":{"start":{"line":181,"column":10},"end":{"line":181,"column":16}},"63":{"start":{"line":183,"column":8},"end":{"line":183,"column":47}},"64":{"start":{"line":187,"column":26},"end":{"line":187,"column":28}},"65":{"start":{"line":188,"column":31},"end":{"line":188,"column":70}},"66":{"start":{"line":189,"column":6},"end":{"line":192,"column":7}},"67":{"start":{"line":189,"column":19},"end":{"line":189,"column":20}},"68":{"start":{"line":190,"column":8},"end":{"line":190,"column":47}},"69":{"start":{"line":190,"column":38},"end":{"line":190,"column":47}},"70":{"start":{"line":191,"column":8},"end":{"line":191,"column":60}},"71":{"start":{"line":193,"column":6},"end":{"line":193,"column":22}},"72":{"start":{"line":197,"column":6},"end":{"line":205,"column":7}},"73":{"start":{"line":198,"column":20},"end":{"line":198,"column":52}},"74":{"start":{"line":199,"column":21},"end":{"line":199,"column":74}},"75":{"start":{"line":200,"column":29},"end":{"line":200,"column":63}},"76":{"start":{"line":201,"column":8},"end":{"line":201,"column":51}},"77":{"start":{"line":203,"column":29},"end":{"line":203,"column":45}},"78":{"start":{"line":204,"column":8},"end":{"line":204,"column":51}},"79":{"start":{"line":207,"column":6},"end":{"line":207,"column":23}},"80":{"start":{"line":208,"column":6},"end":{"line":208,"column":38}}},"fnMap":{"0":{"name":"(anonymous_0)","decl":{"start":{"line":14,"column":12},"end":{"line":14,"column":13}},"loc":{"start":{"line":14,"column":42},"end":{"line":150,"column":3}},"line":14},"1":{"name":"(anonymous_1)","decl":{"start":{"line":42,"column":68},"end":{"line":42,"column":69}},"loc":{"start":{"line":42,"column":75},"end":{"line":48,"column":7}},"line":42},"2":{"name":"(anonymous_2)","decl":{"start":{"line":80,"column":69},"end":{"line":80,"column":70}},"loc":{"start":{"line":80,"column":76},"end":{"line":91,"column":11}},"line":80},"3":{"name":"(anonymous_3)","decl":{"start":{"line":121,"column":69},"end":{"line":121,"column":70}},"loc":{"start":{"line":121,"column":76},"end":{"line":132,"column":11}},"line":121},"4":{"name":"(anonymous_4)","decl":{"start":{"line":153,"column":14},"end":{"line":153,"column":15}},"loc":{"start":{"line":153,"column":34},"end":{"line":210,"column":3}},"line":153},"5":{"name":"(anonymous_5)","decl":{"start":{"line":164,"column":73},"end":{"line":164,"column":74}},"loc":{"start":{"line":165,"column":8},"end":{"line":165,"column":53}},"line":165},"6":{"name":"(anonymous_6)","decl":{"start":{"line":172,"column":48},"end":{"line":172,"column":49}},"loc":{"start":{"line":172,"column":55},"end":{"line":174,"column":7}},"line":172}},"branchMap":{"0":{"loc":{"start":{"line":23,"column":8},"end":{"line":27,"column":9}},"type":"if","locations":[{"start":{"line":23,"column":8},"end":{"line":27,"column":9}},{"start":{"line":25,"column":15},"end":{"line":27,"column":9}}],"line":23},"1":{"loc":{"start":{"line":64,"column":6},"end":{"line":145,"column":7}},"type":"if","locations":[{"start":{"line":64,"column":6},"end":{"line":145,"column":7}},{"start":{"line":105,"column":13},"end":{"line":145,"column":7}}],"line":64},"2":{"loc":{"start":{"line":93,"column":10},"end":{"line":103,"column":11}},"type":"if","locations":[{"start":{"line":93,"column":10},"end":{"line":103,"column":11}},{"start":{"line":98,"column":17},"end":{"line":103,"column":11}}],"line":93},"3":{"loc":{"start":{"line":134,"column":10},"end":{"line":143,"column":11}},"type":"if","locations":[{"start":{"line":134,"column":10},"end":{"line":143,"column":11}},{"start":{"line":138,"column":17},"end":{"line":143,"column":11}}],"line":134},"4":{"loc":{"start":{"line":176,"column":19},"end":{"line":176,"column":66}},"type":"cond-expr","locations":[{"start":{"line":176,"column":44},"end":{"line":176,"column":45}},{"start":{"line":176,"column":48},"end":{"line":176,"column":66}}],"line":176},"5":{"loc":{"start":{"line":178,"column":8},"end":{"line":182,"column":9}},"type":"if","locations":[{"start":{"line":178,"column":8},"end":{"line":182,"colu
[...]
"column":16},"end":{"line":76,"column":3}},"19":{"start":{"line":73,"column":4},"end":{"line":75,"column":7}},"20":{"start":{"line":77,"column":18},"end":{"line":81,"column":3}},"21":{"start":{"line":78,"column":4},"end":{"line":80,"column":7}},"22":{"start":{"line":82,"column":16},"end":{"line":86,"column":3}},"23":{"start":{"line":83,"column":4},"end":{"line":85,"column":6}},"24":{"start":{"line":87,"column":15},"end":{"line":95,"column":3}},"25":{"start":{"line":88,"column":23},"end":{"line":88,"column":111}},"26":{"start":{"line":90,"column":4},"end":{"line":94,"column":6}},"27":{"start":{"line":96,"column":19},"end":{"line":101,"column":3}},"28":{"start":{"line":97,"column":4},"end":{"line":100,"column":6}},"29":{"start":{"line":102,"column":12},"end":{"line":106,"column":3}},"30":{"start":{"line":103,"column":4},"end":{"line":105,"column":6}},"31":{"start":{"line":107,"column":12},"end":{"line":111,"column":3}},"32":{"start":{"line":108,"column":4},"end":{"line":110,"column":6}},"33":{"start":{"line":112,"column":18},"end":{"line":116,"column":3}},"34":{"start":{"line":113,"column":4},"end":{"line":115,"column":6}}},"fnMap":{"0":{"name":"(anonymous_0)","decl":{"start":{"line":4,"column":16},"end":{"line":4,"column":17}},"loc":{"start":{"line":4,"column":22},"end":{"line":13,"column":3}},"line":4},"1":{"name":"(anonymous_1)","decl":{"start":{"line":14,"column":19},"end":{"line":14,"column":20}},"loc":{"start":{"line":14,"column":25},"end":{"line":20,"column":3}},"line":14},"2":{"name":"(anonymous_2)","decl":{"start":{"line":21,"column":19},"end":{"line":21,"column":20}},"loc":{"start":{"line":21,"column":25},"end":{"line":37,"column":3}},"line":21},"3":{"name":"(anonymous_3)","decl":{"start":{"line":38,"column":18},"end":{"line":38,"column":19}},"loc":{"start":{"line":38,"column":24},"end":{"line":54,"column":3}},"line":38},"4":{"name":"(anonymous_4)","decl":{"start":{"line":55,"column":15},"end":{"line":55,"column":16}},"loc":{"start":{"line":55,"column":21},"end":{"line":61,"column":3}},"line":55},"5":{"name":"(anonymous_5)","decl":{"start":{"line":62,"column":16},"end":{"line":62,"column":17}},"loc":{"start":{"line":62,"column":22},"end":{"line":71,"column":3}},"line":62},"6":{"name":"(anonymous_6)","decl":{"start":{"line":72,"column":16},"end":{"line":72,"column":17}},"loc":{"start":{"line":72,"column":22},"end":{"line":76,"column":3}},"line":72},"7":{"name":"(anonymous_7)","decl":{"start":{"line":77,"column":18},"end":{"line":77,"column":19}},"loc":{"start":{"line":77,"column":24},"end":{"line":81,"column":3}},"line":77},"8":{"name":"(anonymous_8)","decl":{"start":{"line":82,"column":16},"end":{"line":82,"column":17}},"loc":{"start":{"line":82,"column":22},"end":{"line":86,"column":3}},"line":82},"9":{"name":"(anonymous_9)","decl":{"start":{"line":87,"column":15},"end":{"line":87,"column":16}},"loc":{"start":{"line":87,"column":21},"end":{"line":95,"column":3}},"line":87},"10":{"name":"(anonymous_10)","decl":{"start":{"line":96,"column":19},"end":{"line":96,"column":20}},"loc":{"start":{"line":96,"column":25},"end":{"line":101,"column":3}},"line":96},"11":{"name":"(anonymous_11)","decl":{"start":{"line":102,"column":12},"end":{"line":102,"column":13}},"loc":{"start":{"line":102,"column":18},"end":{"line":106,"column":3}},"line":102},"12":{"name":"(anonymous_12)","decl":{"start":{"line":107,"column":12},"end":{"line":107,"column":13}},"loc":{"start":{"line":107,"column":18},"end":{"line":111,"column":3}},"line":107},"13":{"name":"(anonymous_13)","decl":{"start":{"line":112,"column":18},"end":{"line":112,"column":19}},"loc":{"start":{"line":112,"column":24},"end":{"line":116,"column":3}},"line":112}},"branchMap":{},"s":{"0":1,"1":1,"2":3,"3":0,"4":0,"5":3,"6":0,"7":3,"8":0,"9":0,"10":3,"11":0,"12":0,"13":3,"14":0,"15":3,"16":0,"17":0,"18":3,"19":0,"20":3,"21":0,"22":3,"23":0,"24":3,"25":0,"26":0,"27":3,"28":0,"29":3,"30":0,"31":3,"32":0,"33":3,"34":0},"f":{"0":0,"1":0,"2":0,"3":0,"4":0,"5":0,"6":0,"7":0,"8":0,"9":0,"10":0,"11":0,"12":0,"13":0},"b":{},"_coverageSchema":"1a1c01bbd47fc00a2c39e90264f33305004495a9","hash":"fe1e221216f9cbcf9167e00878b3fb74e7c9fd0c"}
,"/Users/minsun/Desktop/항해 99/실전 프로젝트/CLIPs-backend/src/passport/index.js": {"path":"/Users/minsun/Desktop/항해 99/실전 프로젝트/CLIPs-backend/src/passport/index.js","statementMap":{"0":{"start":{"line":1,"column":17},"end":{"line":1,"column":36}},"1":{"start":{"line":3,"column":14},"end":{"line":3,"column":40}},"2":{"start":{"line":5,"column":17},"end":{"line":5,"column":47}},"3":{"start":{"line":7,"column":0},"end":{"line":21,"column":2}},"4":{"start":{"line":8,"column":2},"end":{"line":10,"column":5}},"5":{"start":{"line":9,"column":4},"end":{"line":9,"column":28}},"6":{"start":{"line":12,"column":2},"end":{"line":17,"column":5}},"7":{"start":{"line":14,"column":4},"end":{"line":16,"column":33}},"8":{"start":{"line":15,"column":22},"end":{"line":15,"column":38}},"9":{"start":{"line":16,"column":22},"end":{"line":16,"column":31}},"10":{"start":{"line":20,"column":2},"end":{"line":20,"column":10}}},"fnMap":{"0":{"name":"(anonymous_0)","decl":{"start":{"line":7,"column":17},"end":{"line":7,"column":18}},"loc":{"start":{"line":7,"column":23},"end":{"line":21,"column":1}},"line":7},"1":{"name":"(anonymous_1)","decl":{"start":{"line":8,"column":25},"end":{"line":8,"column":26}},"loc":{"start":{"line":8,"column":41},"end":{"line":10,"column":3}},"line":8},"2":{"name":"(anonymous_2)","decl":{"start":{"line":12,"column":27},"end":{"line":12,"column":28}},"loc":{"start":{"line":12,"column":41},"end":{"line":17,"column":3}},"line":12},"3":{"name":"(anonymous_3)","decl":{"start":{"line":15,"column":12},"end":{"line":15,"column":13}},"loc":{"start":{"line":15,"column":22},"end":{"line":15,"column":38}},"line":15},"4":{"name":"(anonymous_4)","decl":{"start":{"line":16,"column":13},"end":{"line":16,"column":14}},"loc":{"start":{"line":16,"column":22},"end":{"line":16,"column":31}},"line":16}},"branchMap":{},"s":{"0":1,"1":1,"2":1,"3":1,"4":1,"5":0,"6":1,"7":0,"8":0,"9":0,"10":1},"f":{"0":1,"1":0,"2":0,"3":0,"4":0},"b":{},"_coverageSchema":"1a1c01bbd47fc00a2c39e90264f33305004495a9","hash":"970f7d2770e4afb7ef5bdc83a37ed25a6231dfd8"}
,"/Users/minsun/Desktop/항해 99/실전 프로젝트/CLIPs-backend/src/passport/kakaoStrategy.js": {"path":"/Users/minsun/Desktop/항해 99/실전 프로젝트/CLIPs-backend/src/passport/kakaoStrategy.js","statementMap":{"0":{"start":{"line":1,"column":17},"end":{"line":1,"column":36}},"1":{"start":{"line":2,"column":22},"end":{"line":2,"column":56}},"2":{"start":{"line":4,"column":17},"end":{"line":4,"column":47}},"3":{"start":{"line":6,"column":0},"end":{"line":46,"column":2}},"4":{"start":{"line":7,"column":2},"end":{"line":45,"column":4}},"5":{"start":{"line":20,"column":8},"end":{"line":20,"column":46}},"6":{"start":{"line":21,"column":8},"end":{"line":42,"column":9}},"7":{"start":{"line":22,"column":25},"end":{"line":25,"column":12}},"8":{"start":{"line":27,"column":10},"end":{"line":38,"column":11}},"9":{"start":{"line":28,"column":12},"end":{"line":28,"column":31}},"10":{"start":{"line":31,"column":28},"end":{"line":36,"column":14}},"11":{"start":{"line":37,"column":12},"end":{"line":37,"column":32}},"12":{"start":{"line":40,"column":10},"end":{"line":40,"column":31}},"13":{"start":{"line":41,"column":10},"end":{"line":41,"column":22}}},"fnMap":{"0":{"name":"(anonymous_0)","decl":{"start":{"line":6,"column":17},"end":{"line":6,"column":18}},"loc":{"start":{"line":6,"column":23},"end":{"line":46,"column":1}},"line":6},"1":{"name":"(anonymous_1)","decl":{"start":{"line":19,"column":6},"end":{"line":19,"column":7}},"loc":{"start":{"line":19,"column":58},"end":{"line":43,"column":7}},"line":19}},"branchMap":{"0":{"loc":{"start":{"line":27,"column":10},"end":{"line":38,"column":11}},"type":"if","locations":[{"start":{"line":27,"column":10},"end":{"line":38,"column":11}},{"start":{"line":29,"column":17},"end":{"line":38,"column":11}}],"line":27},"1":{"loc":{"start":{"line":32,"column":21},"end":{"line":32,"column":71}},"type":"binary-expr","locations":[{"start":{"line":32,"column":21},"end":{"line":32,"column":34}},{"start":{"line":32,"column":38},"end":{"line":32,"column":71}}],"line":32}},"s":{"0":1,"1":1,"2":1,"3":1,"4":1,"5":0,"6":0,"7":0,"8":0,"9":0,"10":0,"11":0,"12":0,"13":0},"f":{"0":1,"1":0},"b":{"0":[0,0],"1":[0,0]},"_coverageSchema":"1a1c01bbd47fc00a2c39e90264f33305004495a9","hash":"603c1d15dc0a575c8d52dcc6468f5158793300e0"}
,"/Users/minsun/Desktop/항해 99/실전 프로젝트/CLIPs-backend/src/sequelize/config/config.js": {"path":"/Users/minsun/Desktop/항해 99/실전 프로젝트/CLIPs-backend/src/sequelize/config/config.js","statementMap":{"0":{"start":{"line":1,"column":0},"end":{"line":1,"column":27}},"1":{"start":{"line":2,"column":12},"end":{"line":2,"column":23}},"2":{"start":{"line":4,"column":20},"end":{"line":11,"column":1}},"3":{"start":{"line":13,"column":19},"end":{"line":20,"column":1}},"4":{"start":{"line":22,"column":13},"end":{"line":30,"column":1}},"5":{"start":{"line":32,"column":0},"end":{"line":32,"column":51}}},"fnMap":{},"branchMap":{},"s":{"0":1,"1":1,"2":1,"3":1,"4":1,"5":1},"f":{},"b":{},"_coverageSchema":"1a1c01bbd47fc00a2c39e90264f33305004495a9","hash":"cfc2951d5bda1ba24a6196c8790031b59f0b0f03"}
,"/Users/minsun/Desktop/항해 99/실전 프로젝트/CLIPs-backend/src/sequelize/models/index.js": {"path":"/Users/minsun/Desktop/항해 99/실전 프로젝트/CLIPs-backend/src/sequelize/models/index.js","statementMap":{"0":{"start":{"line":3,"column":11},"end":{"line":3,"column":24}},"1":{"start":{"line":4,"column":13},"end":{"line":4,"column":28}},"2":{"start":{"line":5,"column":18},"end":{"line":5,"column":38}},"3":{"start":{"line":6,"column":17},"end":{"line":6,"column":42}},"4":{"start":{"line":8,"column":12},"end":{"line":8,"column":42}},"5":{"start":{"line":10,"column":15},"end":{"line":10,"column":63}},"6":{"start":{"line":11,"column":11},"end":{"line":11,"column":13}},"7":{"start":{"line":14,"column":0},"end":{"line":23,"column":1}},"8":{"start":{"line":15,"column":2},"end":{"line":15,"column":74}},"9":{"start":{"line":17,"column":2},"end":{"line":22,"column":4}},"10":{"start":{"line":25,"column":0},"end":{"line":37,"column":5}},"11":{"start":{"line":27,"column":4},"end":{"line":29,"column":6}},"12":{"start":{"line":32,"column":18},"end":{"line":35,"column":5}},"13":{"start":{"line":36,"column":4},"end":{"line":36,"column":27}},"14":{"start":{"line":39,"column":0},"end":{"line":43,"column":3}},"15":{"start":{"line":40,"column":2},"end":{"line":42,"column":3}},"16":{"start":{"line":41,"column":4},"end":{"line":41,"column":32}},"17":{"start":{"line":45,"column":0},"end":{"line":45,"column":25}},"18":{"start":{"line":46,"column":0},"end":{"line":46,"column":25}},"19":{"start":{"line":48,"column":0},"end":{"line":48,"column":20}}},"fnMap":{"0":{"name":"(anonymous_0)","decl":{"start":{"line":26,"column":10},"end":{"line":26,"column":11}},"loc":{"start":{"line":26,"column":20},"end":{"line":30,"column":3}},"line":26},"1":{"name":"(anonymous_1)","decl":{"start":{"line":31,"column":11},"end":{"line":31,"column":12}},"loc":{"start":{"line":31,"column":21},"end":{"line":37,"column":3}},"line":31},"2":{"name":"(anonymous_2)","decl":{"start":{"line":39,"column":24},"end":{"line":39,"column":25}},"loc":{"start":{"line":39,"column":39},"end":{"line":43,"column":1}},"line":39}},"branchMap":{"0":{"loc":{"start":{"line":8,"column":12},"end":{"line":8,"column":42}},"type":"binary-expr","locations":[{"start":{"line":8,"column":12},"end":{"line":8,"column":32}},{"start":{"line":8,"column":36},"end":{"line":8,"column":42}}],"line":8},"1":{"loc":{"start":{"line":14,"column":0},"end":{"line":23,"column":1}},"type":"if","locations":[{"start":{"line":14,"column":0},"end":{"line":23,"column":1}},{"start":{"line":16,"column":7},"end":{"line":23,"column":1}}],"line":14},"2":{"loc":{"start":{"line":28,"column":6},"end":{"line":28,"column":78}},"type":"binary-expr","locations":[{"start":{"line":28,"column":6},"end":{"line":28,"column":29}},{"start":{"line":28,"column":33},"end":{"line":28,"column":50}},{"start":{"line":28,"column":54},"end":{"line":28,"column":78}}],"line":28},"3":{"loc":{"start":{"line":40,"column":2},"end":{"line":42,"column":3}},"type":"if","locations":[{"start":{"line":40,"column":2},"end":{"line":42,"column":3}},{"start":{},"end":{}}],"line":40}},"s":{"0":1,"1":1,"2":1,"3":1,"4":1,"5":1,"6":1,"7":1,"8":0,"9":1,"10":1,"11":6,"12":5,"13":5,"14":1,"15":5,"16":5,"17":1,"18":1,"19":1},"f":{"0":6,"1":5,"2":5},"b":{"0":[1,0],"1":[0,1],"2":[6,6,5],"3":[5,0]},"_coverageSchema":"1a1c01bbd47fc00a2c39e90264f33305004495a9","hash":"498de5e2f01cb3b76aa17f942f0ce3bdc445b411"}
,"/Users/minsun/Desktop/항해 99/실전 프로젝트/CLIPs-backend/src/sequelize/models/promise.js": {"path":"/Users/minsun/Desktop/항해 99/실전 프로젝트/CLIPs-backend/src/sequelize/models/promise.js","statementMap":{"0":{"start":{"line":2,"column":18},"end":{"line":2,"column":38}},"1":{"start":{"line":3,"column":0},"end":{"line":85,"column":2}},"2":{"start":{"line":14,"column":2},"end":{"line":60,"column":4}},"3":{"start":{"line":61,"column":2},"end":{"line":83,"column":4}},"4":{"start":{"line":62,"column":4},"end":{"line":68,"column":7}},"5":{"start":{"line":69,"column":4},"end":{"line":76,"column":7}},"6":{"start":{"line":77,"column":4},"end":{"line":82,"column":7}},"7":{"start":{"line":84,"column":2},"end":{"line":84,"column":17}}},"fnMap":{"0":{"name":"(anonymous_0)","decl":{"start":{"line":3,"column":17},"end":{"line":3,"column":18}},"loc":{"start":{"line":3,"column":43},"end":{"line":85,"column":1}},"line":3},"1":{"name":"(anonymous_1)","decl":{"start":{"line":10,"column":4},"end":{"line":10,"column":5}},"loc":{"start":{"line":10,"column":29},"end":{"line":12,"column":5}},"line":10},"2":{"name":"(anonymous_2)","decl":{"start":{"line":61,"column":22},"end":{"line":61,"column":23}},"loc":{"start":{"line":61,"column":40},"end":{"line":83,"column":3}},"line":61}},"branchMap":{},"s":{"0":1,"1":1,"2":1,"3":1,"4":1,"5":1,"6":1,"7":1},"f":{"0":1,"1":0,"2":1},"b":{},"_coverageSchema":"1a1c01bbd47fc00a2c39e90264f33305004495a9","hash":"2e122e11d03cfc7e50a5eaa554468a31dc05236d"}
,"/Users/minsun/Desktop/항해 99/실전 프로젝트/CLIPs-backend/src/sequelize/models/review.js": {"path":"/Users/minsun/Desktop/항해 99/실전 프로젝트/CLIPs-backend/src/sequelize/models/review.js","statementMap":{"0":{"start":{"line":2,"column":18},"end":{"line":2,"column":38}},"1":{"start":{"line":3,"column":0},"end":{"line":57,"column":2}},"2":{"start":{"line":14,"column":2},"end":{"line":35,"column":4}},"3":{"start":{"line":36,"column":2},"end":{"line":55,"column":4}},"4":{"start":{"line":37,"column":4},"end":{"line":42,"column":7}},"5":{"start":{"line":43,"column":4},"end":{"line":48,"column":7}},"6":{"start":{"line":49,"column":4},"end":{"line":54,"column":7}},"7":{"start":{"line":56,"column":2},"end":{"line":56,"column":16}}},"fnMap":{"0":{"name":"(anonymous_0)","decl":{"start":{"line":3,"column":17},"end":{"line":3,"column":18}},"loc":{"start":{"line":3,"column":43},"end":{"line":57,"column":1}},"line":3},"1":{"name":"(anonymous_1)","decl":{"start":{"line":10,"column":4},"end":{"line":10,"column":5}},"loc":{"start":{"line":10,"column":29},"end":{"line":12,"column":5}},"line":10},"2":{"name":"(anonymous_2)","decl":{"start":{"line":36,"column":21},"end":{"line":36,"column":22}},"loc":{"start":{"line":36,"column":39},"end":{"line":55,"column":3}},"line":36}},"branchMap":{},"s":{"0":1,"1":1,"2":1,"3":1,"4":1,"5":1,"6":1,"7":1},"f":{"0":1,"1":0,"2":1},"b":{},"_coverageSchema":"1a1c01bbd47fc00a2c39e90264f33305004495a9","hash":"625258608d569f44b39ec0967ebbaaa689c53b73"}
,"/Users/minsun/Desktop/항해 99/실전 프로젝트/CLIPs-backend/src/sequelize/models/reviewImage.js": {"path":"/Users/minsun/Desktop/항해 99/실전 프로젝트/CLIPs-backend/src/sequelize/models/reviewImage.js","statementMap":{"0":{"start":{"line":2,"column":18},"end":{"line":2,"column":38}},"1":{"start":{"line":3,"column":0},"end":{"line":45,"column":2}},"2":{"start":{"line":14,"column":2},"end":{"line":35,"column":4}},"3":{"start":{"line":36,"column":2},"end":{"line":43,"column":4}},"4":{"start":{"line":37,"column":4},"end":{"line":42,"column":7}},"5":{"start":{"line":44,"column":2},"end":{"line":44,"column":21}}},"fnMap":{"0":{"name":"(anonymous_0)","decl":{"start":{"line":3,"column":17},"end":{"line":3,"column":18}},"loc":{"start":{"line":3,"column":43},"end":{"line":45,"column":1}},"line":3},"1":{"name":"(anonymous_1)","decl":{"start":{"line":10,"column":4},"end":{"line":10,"column":5}},"loc":{"start":{"line":10,"column":29},"end":{"line":12,"column":5}},"line":10},"2":{"name":"(anonymous_2)","decl":{"start":{"line":36,"column":26},"end":{"line":36,"column":27}},"loc":{"start":{"line":36,"column":44},"end":{"line":43,"column":3}},"line":36}},"branchMap":{},"s":{"0":1,"1":1,"2":1,"3":1,"4":1,"5":1},"f":{"0":1,"1":0,"2":1},"b":{},"_coverageSchema":"1a1c01bbd47fc00a2c39e90264f33305004495a9","hash":"1065d48cb6611f2ad82c9cc15ee11d8442f365fa"}
,"/Users/minsun/Desktop/항해 99/실전 프로젝트/CLIPs-backend/src/sequelize/models/session.js": {"path":"/Users/minsun/Desktop/항해 99/실전 프로젝트/CLIPs-backend/src/sequelize/models/session.js","statementMap":{"0":{"start":{"line":2,"column":18},"end":{"line":2,"column":38}},"1":{"start":{"line":3,"column":0},"end":{"line":41,"column":2}},"2":{"start":{"line":14,"column":2},"end":{"line":31,"column":4}},"3":{"start":{"line":32,"column":2},"end":{"line":39,"column":4}},"4":{"start":{"line":33,"column":4},"end":{"line":38,"column":7}},"5":{"start":{"line":40,"column":2},"end":{"line":40,"column":17}}},"fnMap":{"0":{"name":"(anonymous_0)","decl":{"start":{"line":3,"column":17},"end":{"line":3,"column":18}},"loc":{"start":{"line":3,"column":43},"end":{"line":41,"column":1}},"line":3},"1":{"name":"(anonymous_1)","decl":{"start":{"line":10,"column":4},"end":{"line":10,"column":5}},"loc":{"start":{"line":10,"column":29},"end":{"line":12,"column":5}},"line":10},"2":{"name":"(anonymous_2)","decl":{"start":{"line":32,"column":22},"end":{"line":32,"column":23}},"loc":{"start":{"line":32,"column":40},"end":{"line":39,"column":3}},"line":32}},"branchMap":{},"s":{"0":1,"1":1,"2":1,"3":1,"4":1,"5":1},"f":{"0":1,"1":0,"2":1},"b":{},"_coverageSchema":"1a1c01bbd47fc00a2c39e90264f33305004495a9","hash":"0d40f01fec4dd205bb72605f05776e25b2abfb21"}
,"/Users/minsun/Desktop/항해 99/실전 프로젝트/CLIPs-backend/src/sequelize/models/user.js": {"path":"/Users/minsun/Desktop/항해 99/실전 프로젝트/CLIPs-backend/src/sequelize/models/user.js","statementMap":{"0":{"start":{"line":2,"column":18},"end":{"line":2,"column":38}},"1":{"start":{"line":3,"column":0},"end":{"line":95,"column":2}},"2":{"start":{"line":14,"column":2},"end":{"line":65,"column":4}},"3":{"start":{"line":66,"column":2},"end":{"line":93,"column":4}},"4":{"start":{"line":67,"column":4},"end":{"line":73,"column":7}},"5":{"start":{"line":74,"column":4},"end":{"line":80,"column":7}},"6":{"start":{"line":81,"column":4},"end":{"line":86,"column":7}},"7":{"start":{"line":87,"column":4},"end":{"line":92,"column":7}},"8":{"start":{"line":94,"column":2},"end":{"line":94,"column":14}}},"fnMap":{"0":{"name":"(anonymous_0)","decl":{"start":{"line":3,"column":17},"end":{"line":3,"column":18}},"loc":{"start":{"line":3,"column":43},"end":{"line":95,"column":1}},"line":3},"1":{"name":"(anonymous_1)","decl":{"start":{"line":10,"column":4},"end":{"line":10,"column":5}},"loc":{"start":{"line":10,"column":29},"end":{"line":12,"column":5}},"line":10},"2":{"name":"(anonymous_2)","decl":{"start":{"line":66,"column":19},"end":{"line":66,"column":20}},"loc":{"start":{"line":66,"column":37},"end":{"line":93,"column":3}},"line":66}},"branchMap":{},"s":{"0":1,"1":1,"2":1,"3":1,"4":1,"5":1,"6":1,"7":1,"8":1},"f":{"0":1,"1":0,"2":1},"b":{},"_coverageSchema":"1a1c01bbd47fc00a2c39e90264f33305004495a9","hash":"4436dd8313dc72346fcc75f6b80c71a915126c3f"}
}
