{"/Users/minsun/Desktop/항해 99/실전 프로젝트/CLIPs-backend/src/layers/middlewares/auth.middleware.js": {"path":"/Users/minsun/Desktop/항해 99/실전 프로젝트/CLIPs-backend/src/layers/middlewares/auth.middleware.js","statementMap":{"0":{"start":{"line":1,"column":12},"end":{"line":1,"column":35}},"1":{"start":{"line":2,"column":0},"end":{"line":2,"column":27}},"2":{"start":{"line":3,"column":12},"end":{"line":3,"column":23}},"3":{"start":{"line":6,"column":2},"end":{"line":23,"column":2}},"4":{"start":{"line":7,"column":28},"end":{"line":7,"column":39}},"5":{"start":{"line":8,"column":24},"end":{"line":8,"column":56}},"6":{"start":{"line":10,"column":2},"end":{"line":21,"column":3}},"7":{"start":{"line":11,"column":4},"end":{"line":15,"column":5}},"8":{"start":{"line":12,"column":6},"end":{"line":14,"column":9}},"9":{"start":{"line":16,"column":23},"end":{"line":16,"column":59}},"10":{"start":{"line":17,"column":4},"end":{"line":17,"column":42}},"11":{"start":{"line":20,"column":4},"end":{"line":20,"column":63}},"12":{"start":{"line":22,"column":2},"end":{"line":22,"column":9}}},"fnMap":{"0":{"name":"(anonymous_0)","decl":{"start":{"line":6,"column":30},"end":{"line":6,"column":31}},"loc":{"start":{"line":6,"column":54},"end":{"line":23,"column":1}},"line":6}},"branchMap":{"0":{"loc":{"start":{"line":8,"column":25},"end":{"line":8,"column":44}},"type":"binary-expr","locations":[{"start":{"line":8,"column":25},"end":{"line":8,"column":38}},{"start":{"line":8,"column":42},"end":{"line":8,"column":44}}],"line":8},"1":{"loc":{"start":{"line":11,"column":4},"end":{"line":15,"column":5}},"type":"if","locations":[{"start":{"line":11,"column":4},"end":{"line":15,"column":5}},{"start":{},"end":{}}],"line":11},"2":{"loc":{"start":{"line":11,"column":8},"end":{"line":11,"column":35}},"type":"binary-expr","locations":[{"start":{"line":11,"column":8},"end":{"line":11,"column":14}},{"start":{"line":11,"column":18},"end":{"line":11,"column":35}}],"line":11}},"s":{"0":1,"1":1,"2":1,"3":1,"4":3,"5":3,"6":3,"7":3,"8":3,"9":0,"10":0,"11":0,"12":0},"f":{"0":3},"b":{"0":[3,3],"1":[3,0],"2":[3,0]},"_coverageSchema":"1a1c01bbd47fc00a2c39e90264f33305004495a9","hash":"00f175cddf3e9a097dd9ae3eca2f486bca044ee1"}
,"/Users/minsun/Desktop/항해 99/실전 프로젝트/CLIPs-backend/src/layers/middlewares/image.middleware.js": {"path":"/Users/minsun/Desktop/항해 99/실전 프로젝트/CLIPs-backend/src/layers/middlewares/image.middleware.js","statementMap":{"0":{"start":{"line":1,"column":15},"end":{"line":1,"column":32}},"1":{"start":{"line":2,"column":13},"end":{"line":2,"column":28}},"2":{"start":{"line":3,"column":11},"end":{"line":3,"column":24}},"3":{"start":{"line":5,"column":12},"end":{"line":5,"column":30}},"4":{"start":{"line":8,"column":17},"end":{"line":8,"column":37}},"5":{"start":{"line":9,"column":17},"end":{"line":9,"column":31}},"6":{"start":{"line":12,"column":11},"end":{"line":16,"column":2}},"7":{"start":{"line":19,"column":0},"end":{"line":31,"column":2}},"8":{"start":{"line":21,"column":2},"end":{"line":30,"column":3}},"9":{"start":{"line":26,"column":4},"end":{"line":26,"column":19}},"10":{"start":{"line":28,"column":4},"end":{"line":28,"column":63}},"11":{"start":{"line":29,"column":4},"end":{"line":29,"column":20}},"12":{"start":{"line":47,"column":22},"end":{"line":57,"column":20}},"13":{"start":{"line":53,"column":6},"end":{"line":53,"column":53}},"14":{"start":{"line":60,"column":0},"end":{"line":60,"column":33}}},"fnMap":{"0":{"name":"(anonymous_0)","decl":{"start":{"line":19,"column":21},"end":{"line":19,"column":22}},"loc":{"start":{"line":19,"column":40},"end":{"line":31,"column":1}},"line":19},"1":{"name":"(anonymous_1)","decl":{"start":{"line":52,"column":9},"end":{"line":52,"column":10}},"loc":{"start":{"line":52,"column":34},"end":{"line":54,"column":5}},"line":52}},"branchMap":{"0":{"loc":{"start":{"line":21,"column":2},"end":{"line":30,"column":3}},"type":"if","locations":[{"start":{"line":21,"column":2},"end":{"line":30,"column":3}},{"start":{"line":27,"column":9},"end":{"line":30,"column":3}}],"line":21},"1":{"loc":{"start":{"line":22,"column":4},"end":{"line":24,"column":33}},"type":"binary-expr","locations":[{"start":{"line":22,"column":4},"end":{"line":22,"column":33}},{"start":{"line":23,"column":4},"end":{"line":23,"column":34}},{"start":{"line":24,"column":4},"end":{"line":24,"column":33}}],"line":22}},"s":{"0":1,"1":1,"2":1,"3":1,"4":1,"5":1,"6":1,"7":1,"8":0,"9":0,"10":0,"11":0,"12":1,"13":0,"14":1},"f":{"0":0,"1":0},"b":{"0":[0,0],"1":[0,0,0]},"_coverageSchema":"1a1c01bbd47fc00a2c39e90264f33305004495a9","hash":"4334afda8fc8f488d564b7f5bb2e16f9271063b3"}
}
